Using pre-set license
Built from '2020.2/release' branch; Version is '2020.2.1f1 (270dd8c3da1c) revision 2559448'; Using compiler version '192528614'; Build Type 'Release'
OS: 'Windows 10  (10.0.0) 64bit' Language: 'ko' Physical Memory: 16218 MB
BatchMode: 1, IsHumanControllingUs: 0, StartBugReporterOnCrash: 0, Is64bit: 1, IsPro: 0

 COMMAND LINE ARGUMENTS:
C:\Program Files\Unity\Editor\Unity.exe
-adb2
-batchMode
-noUpm
-name
AssetImportWorker0
-projectPath
C:/Unity/Monday Project
-logFile
Logs/AssetImportWorker0.log
-srvPort
6143
Successfully changed project path to: C:/Unity/Monday Project
C:/Unity/Monday Project
Using Asset Import Pipeline V2.
Refreshing native plugins compatible for Editor in 21.85 ms, found 0 plugins.
Preloading 0 native plugins for Editor in 0.00 ms.
Initialize engine version: 2020.2.1f1 (270dd8c3da1c)
[Subsystems] Discovering subsystems at path C:/Program Files/Unity/Editor/Data/Resources/UnitySubsystems
[Subsystems] Discovering subsystems at path C:/Unity/Monday Project/Assets
GfxDevice: creating device client; threaded=0
Direct3D:
    Version:  Direct3D 11.0 [level 11.1]
    Renderer: Intel(R) UHD Graphics (ID=0x9b41)
    Vendor:   
    VRAM:     8109 MB
    Driver:   27.20.100.8681
Initialize mono
Mono path[0] = 'C:/Program Files/Unity/Editor/Data/Managed'
Mono path[1] = 'C:/Program Files/Unity/Editor/Data/MonoBleedingEdge/lib/mono/unityjit'
Mono config path = 'C:/Program Files/Unity/Editor/Data/MonoBleedingEdge/etc'
Using monoOptions --debugger-agent=transport=dt_socket,embedding=1,server=y,suspend=n,address=127.0.0.1:56224
Begin MonoManager ReloadAssembly
Registering precompiled unity dll's ...
Register platform support module: C:/Program Files/Unity/Editor/Data/PlaybackEngines/WindowsStandaloneSupport/UnityEditor.WindowsStandalone.Extensions.dll
Registered in 0.001442 seconds.
Native extension for WindowsStandalone target not found
Refreshing native plugins compatible for Editor in 19.18 ms, found 0 plugins.
Preloading 0 native plugins for Editor in 0.00 ms.
Invoked RoslynAnalysisRunner static constructor.
RoslynAnalysisRunner will not be running.
RoslynAnalysisRunner has terminated.
Mono: successfully reloaded assembly
- Completed reload, in  1.804 seconds
Platform modules already initialized, skipping
Registering precompiled user dll's ...
Registered in 0.000562 seconds.
Begin MonoManager ReloadAssembly
Native extension for WindowsStandalone target not found
Refreshing native plugins compatible for Editor in 0.29 ms, found 0 plugins.
Preloading 0 native plugins for Editor in 0.00 ms.
Invoked RoslynAnalysisRunner static constructor.
RoslynAnalysisRunner will not be running.
RoslynAnalysisRunner has terminated.
Mono: successfully reloaded assembly
- Completed reload, in  0.825 seconds
Platform modules already initialized, skipping
========================================================================
Worker process is ready to serve import requests
Launched and connected shader compiler UnityShaderCompiler.exe after 0.04 seconds
Refreshing native plugins compatible for Editor in 0.18 ms, found 0 plugins.
Preloading 0 native plugins for Editor in 0.00 ms.
Unloading 1094 Unused Serialized files (Serialized files now loaded: 0)
System memory in use before: 55.9 MB.
System memory in use after: 55.9 MB.

Unloading 10 unused Assets to reduce memory usage. Loaded Objects now: 1533.
Total: 2.294800 ms (FindLiveObjects: 0.107900 ms CreateObjectMapping: 0.040100 ms MarkObjects: 2.062000 ms  DeleteObjects: 0.083600 ms)

========================================================================
Received Prepare
Registering precompiled user dll's ...
Registered in 0.000528 seconds.
Begin MonoManager ReloadAssembly
Native extension for WindowsStandalone target not found
Refreshing native plugins compatible for Editor in 0.18 ms, found 0 plugins.
Preloading 0 native plugins for Editor in 0.00 ms.
Invoked RoslynAnalysisRunner static constructor.
RoslynAnalysisRunner will not be running.
RoslynAnalysisRunner has terminated.
Mono: successfully reloaded assembly
- Completed reload, in  0.835 seconds
Platform modules already initialized, skipping
Refreshing native plugins compatible for Editor in 0.20 ms, found 0 plugins.
Preloading 0 native plugins for Editor in 0.00 ms.
Unloading 1089 Unused Serialized files (Serialized files now loaded: 0)
System memory in use before: 55.9 MB.
System memory in use after: 55.9 MB.

Unloading 5 unused Assets to reduce memory usage. Loaded Objects now: 1535.
Total: 2.665300 ms (FindLiveObjects: 0.286200 ms CreateObjectMapping: 0.098900 ms MarkObjects: 2.217700 ms  DeleteObjects: 0.061500 ms)

========================================================================
Received Prepare
Registering precompiled user dll's ...
Registered in 0.000690 seconds.
Begin MonoManager ReloadAssembly
Native extension for WindowsStandalone target not found
Refreshing native plugins compatible for Editor in 0.18 ms, found 0 plugins.
Preloading 0 native plugins for Editor in 0.00 ms.
Invoked RoslynAnalysisRunner static constructor.
RoslynAnalysisRunner will not be running.
RoslynAnalysisRunner has terminated.
Mono: successfully reloaded assembly
- Completed reload, in  0.883 seconds
Platform modules already initialized, skipping
Refreshing native plugins compatible for Editor in 0.18 ms, found 0 plugins.
Preloading 0 native plugins for Editor in 0.00 ms.
Unloading 1089 Unused Serialized files (Serialized files now loaded: 0)
System memory in use before: 55.9 MB.
System memory in use after: 56.0 MB.

Unloading 5 unused Assets to reduce memory usage. Loaded Objects now: 1537.
Total: 2.575400 ms (FindLiveObjects: 0.200600 ms CreateObjectMapping: 0.071700 ms MarkObjects: 2.242800 ms  DeleteObjects: 0.059400 ms)

========================================================================
Received Prepare
Registering precompiled user dll's ...
Registered in 0.001387 seconds.
Begin MonoManager ReloadAssembly
Native extension for WindowsStandalone target not found
Refreshing native plugins compatible for Editor in 0.30 ms, found 0 plugins.
Preloading 0 native plugins for Editor in 0.00 ms.
Invoked RoslynAnalysisRunner static constructor.
RoslynAnalysisRunner will not be running.
RoslynAnalysisRunner has terminated.
Mono: successfully reloaded assembly
- Completed reload, in  1.699 seconds
Platform modules already initialized, skipping
Refreshing native plugins compatible for Editor in 0.33 ms, found 0 plugins.
Preloading 0 native plugins for Editor in 0.00 ms.
Unloading 1089 Unused Serialized files (Serialized files now loaded: 0)
System memory in use before: 56.0 MB.
System memory in use after: 56.1 MB.

Unloading 5 unused Assets to reduce memory usage. Loaded Objects now: 1539.
Total: 2.950300 ms (FindLiveObjects: 0.196300 ms CreateObjectMapping: 0.064900 ms MarkObjects: 2.618200 ms  DeleteObjects: 0.068900 ms)

========================================================================
Received Prepare
Registering precompiled user dll's ...
Registered in 0.001127 seconds.
Begin MonoManager ReloadAssembly
Native extension for WindowsStandalone target not found
Refreshing native plugins compatible for Editor in 0.31 ms, found 0 plugins.
Preloading 0 native plugins for Editor in 0.00 ms.
Invoked RoslynAnalysisRunner static constructor.
RoslynAnalysisRunner will not be running.
RoslynAnalysisRunner has terminated.
Mono: successfully reloaded assembly
- Completed reload, in  1.610 seconds
Platform modules already initialized, skipping
Refreshing native plugins compatible for Editor in 0.34 ms, found 0 plugins.
Preloading 0 native plugins for Editor in 0.00 ms.
Unloading 1089 Unused Serialized files (Serialized files now loaded: 0)
System memory in use before: 56.1 MB.
System memory in use after: 56.1 MB.

Unloading 5 unused Assets to reduce memory usage. Loaded Objects now: 1541.
Total: 2.581100 ms (FindLiveObjects: 0.199300 ms CreateObjectMapping: 0.060700 ms MarkObjects: 2.254100 ms  DeleteObjects: 0.064900 ms)

========================================================================
Received Prepare
Registering precompiled user dll's ...
Registered in 0.001254 seconds.
Begin MonoManager ReloadAssembly
Native extension for WindowsStandalone target not found
Refreshing native plugins compatible for Editor in 0.33 ms, found 0 plugins.
Preloading 0 native plugins for Editor in 0.00 ms.
Invoked RoslynAnalysisRunner static constructor.
RoslynAnalysisRunner will not be running.
RoslynAnalysisRunner has terminated.
Mono: successfully reloaded assembly
- Completed reload, in  1.614 seconds
Platform modules already initialized, skipping
Refreshing native plugins compatible for Editor in 0.34 ms, found 0 plugins.
Preloading 0 native plugins for Editor in 0.00 ms.
Unloading 1089 Unused Serialized files (Serialized files now loaded: 0)
System memory in use before: 56.1 MB.
System memory in use after: 56.2 MB.

Unloading 5 unused Assets to reduce memory usage. Loaded Objects now: 1543.
Total: 2.409000 ms (FindLiveObjects: 0.182300 ms CreateObjectMapping: 0.055600 ms MarkObjects: 2.105900 ms  DeleteObjects: 0.063200 ms)

========================================================================
Received Import Request.
  path: Assets/DuDaGi_Img,Sound/Textures/A_I/A_I_1.png
  artifactKey: Guid(ea7301ac1f5e3436489904e38b0766a0) Importer(815301076,1909f56bfc062723c751e8b465ee728b)
Start importing Assets/DuDaGi_Img,Sound/Textures/A_I/A_I_1.png using Guid(ea7301ac1f5e3436489904e38b0766a0) Importer(815301076,1909f56bfc062723c751e8b465ee728b)  -> (artifact id: '7c64093bfeed958f8f1bb8dea838b18e') in 0.241184 seconds
  Import took 0.245225 seconds .

========================================================================
Received Import Request.
  Time since last request: 1.255499 seconds.
  path: Assets/DuDaGi_Img,Sound/Textures/A_I/A_I_2.png
  artifactKey: Guid(3b959bc6235e34b3dabab9194171ba3a) Importer(815301076,1909f56bfc062723c751e8b465ee728b)
Start importing Assets/DuDaGi_Img,Sound/Textures/A_I/A_I_2.png using Guid(3b959bc6235e34b3dabab9194171ba3a) Importer(815301076,1909f56bfc062723c751e8b465ee728b)  -> (artifact id: '34652ee50b35735c3f79cd5c5916ac6b') in 0.031782 seconds
  Import took 0.034252 seconds .

========================================================================
Received Prepare
Registering precompiled user dll's ...
Registered in 0.000909 seconds.
Begin MonoManager ReloadAssembly
Native extension for WindowsStandalone target not found
Refreshing native plugins compatible for Editor in 0.53 ms, found 0 plugins.
Preloading 0 native plugins for Editor in 0.00 ms.
Invoked RoslynAnalysisRunner static constructor.
RoslynAnalysisRunner will not be running.
RoslynAnalysisRunner has terminated.
Mono: successfully reloaded assembly
- Completed reload, in  1.437 seconds
Platform modules already initialized, skipping
Refreshing native plugins compatible for Editor in 0.26 ms, found 0 plugins.
Preloading 0 native plugins for Editor in 0.00 ms.
Unloading 1089 Unused Serialized files (Serialized files now loaded: 0)
System memory in use before: 59.3 MB.
System memory in use after: 59.4 MB.

Unloading 5 unused Assets to reduce memory usage. Loaded Objects now: 1551.
Total: 2.015100 ms (FindLiveObjects: 0.159100 ms CreateObjectMapping: 0.049300 ms MarkObjects: 1.754800 ms  DeleteObjects: 0.049800 ms)

========================================================================
Received Import Request.
  Time since last request: 163.056512 seconds.
  path: Assets/DuDaGi_Img,Sound/Textures/A_OC/A_1.png
  artifactKey: Guid(54823a1003e734d648c05d650c54f2f9) Importer(815301076,1909f56bfc062723c751e8b465ee728b)
Start importing Assets/DuDaGi_Img,Sound/Textures/A_OC/A_1.png using Guid(54823a1003e734d648c05d650c54f2f9) Importer(815301076,1909f56bfc062723c751e8b465ee728b)  -> (artifact id: 'b1b68a5dfe53252b387746c261ca8118') in 0.086376 seconds
  Import took 0.088727 seconds .

========================================================================
Received Import Request.
  Time since last request: 1.447957 seconds.
  path: Assets/DuDaGi_Img,Sound/Textures/A_OC/A_4.png
  artifactKey: Guid(d3b45870677234322981db28fc77aa34) Importer(815301076,1909f56bfc062723c751e8b465ee728b)
Start importing Assets/DuDaGi_Img,Sound/Textures/A_OC/A_4.png using Guid(d3b45870677234322981db28fc77aa34) Importer(815301076,1909f56bfc062723c751e8b465ee728b)  -> (artifact id: 'c46154a0eb7558ba1746b7d26fe25ad4') in 0.028753 seconds
  Import took 0.031164 seconds .

========================================================================
Received Prepare
Registering precompiled user dll's ...
Registered in 0.001048 seconds.
Begin MonoManager ReloadAssembly
Native extension for WindowsStandalone target not found
Refreshing native plugins compatible for Editor in 0.25 ms, found 0 plugins.
Preloading 0 native plugins for Editor in 0.00 ms.
Invoked RoslynAnalysisRunner static constructor.
RoslynAnalysisRunner will not be running.
RoslynAnalysisRunner has terminated.
Mono: successfully reloaded assembly
- Completed reload, in  1.398 seconds
Platform modules already initialized, skipping
Refreshing native plugins compatible for Editor in 0.26 ms, found 0 plugins.
Preloading 0 native plugins for Editor in 0.00 ms.
Unloading 1089 Unused Serialized files (Serialized files now loaded: 0)
System memory in use before: 59.4 MB.
System memory in use after: 59.4 MB.

Unloading 5 unused Assets to reduce memory usage. Loaded Objects now: 1554.
Total: 3.795200 ms (FindLiveObjects: 0.272000 ms CreateObjectMapping: 0.107300 ms MarkObjects: 3.310000 ms  DeleteObjects: 0.102500 ms)

========================================================================
Received Import Request.
  Time since last request: 116.352106 seconds.
  path: Assets/Animation
  artifactKey: Guid(192983494bbecd547b384f3798862fde) Importer(815301076,1909f56bfc062723c751e8b465ee728b)
Start importing Assets/Animation using Guid(192983494bbecd547b384f3798862fde) Importer(815301076,1909f56bfc062723c751e8b465ee728b)  -> (artifact id: 'f248734a72215ec2efcb5d0205cf8104') in 0.015078 seconds
  Import took 0.017791 seconds .

========================================================================
Received Import Request.
  Time since last request: 1.516517 seconds.
  path: Assets/Animation/A_Close.anim
  artifactKey: Guid(6a478f829f881f8419b0125dbdbdd6da) Importer(815301076,1909f56bfc062723c751e8b465ee728b)
Start importing Assets/Animation/A_Close.anim using Guid(6a478f829f881f8419b0125dbdbdd6da) Importer(815301076,1909f56bfc062723c751e8b465ee728b)  -> (artifact id: 'eba243c0db18a601b2bba923f3d2bc92') in 0.021402 seconds
  Import took 0.023582 seconds .

========================================================================
Received Import Request.
  Time since last request: 0.335365 seconds.
  path: Assets/Animation/A_1.controller
  artifactKey: Guid(a86965fcc2bf20448922a6869d6c79fe) Importer(815301076,1909f56bfc062723c751e8b465ee728b)
Start importing Assets/Animation/A_1.controller using Guid(a86965fcc2bf20448922a6869d6c79fe) Importer(815301076,1909f56bfc062723c751e8b465ee728b)  -> (artifact id: 'a782f6a7ebaf7f69d4e2f651d68c4745') in 0.009739 seconds
  Import took 0.012844 seconds .

========================================================================
Received Prepare
Registering precompiled user dll's ...
Registered in 0.000754 seconds.
Begin MonoManager ReloadAssembly
Native extension for WindowsStandalone target not found
Refreshing native plugins compatible for Editor in 0.55 ms, found 0 plugins.
Preloading 0 native plugins for Editor in 0.00 ms.
Invoked RoslynAnalysisRunner static constructor.
RoslynAnalysisRunner will not be running.
RoslynAnalysisRunner has terminated.
Mono: successfully reloaded assembly
- Completed reload, in  1.217 seconds
Platform modules already initialized, skipping
Refreshing native plugins compatible for Editor in 0.26 ms, found 0 plugins.
Preloading 0 native plugins for Editor in 0.00 ms.
Unloading 1089 Unused Serialized files (Serialized files now loaded: 0)
System memory in use before: 59.4 MB.
System memory in use after: 59.5 MB.

Unloading 5 unused Assets to reduce memory usage. Loaded Objects now: 1556.
Total: 3.280300 ms (FindLiveObjects: 0.254100 ms CreateObjectMapping: 0.082700 ms MarkObjects: 2.880500 ms  DeleteObjects: 0.060600 ms)

========================================================================
Received Import Request.
  Time since last request: 40.883662 seconds.
  path: Assets/Animation/A_1.controller
  artifactKey: Guid(a86965fcc2bf20448922a6869d6c79fe) Importer(815301076,1909f56bfc062723c751e8b465ee728b)
Start importing Assets/Animation/A_1.controller using Guid(a86965fcc2bf20448922a6869d6c79fe) Importer(815301076,1909f56bfc062723c751e8b465ee728b)  -> (artifact id: '00c763cc8fb6717006ba3392fa3cd0a6') in 0.018204 seconds
  Import took 0.020942 seconds .

========================================================================
Received Import Request.
  Time since last request: 86.696348 seconds.
  path: Assets/DuDaGi_Img,Sound/Textures/A_OC/A_2.png
  artifactKey: Guid(23ebd58c646d6445b9f63d53cd5de74a) Importer(815301076,1909f56bfc062723c751e8b465ee728b)
Start importing Assets/DuDaGi_Img,Sound/Textures/A_OC/A_2.png using Guid(23ebd58c646d6445b9f63d53cd5de74a) Importer(815301076,1909f56bfc062723c751e8b465ee728b)  -> (artifact id: 'b60c632e964f1a0d2b47fe9f7bfcf9e9') in 0.092563 seconds
  Import took 0.096519 seconds .

========================================================================
Received Import Request.
  Time since last request: 0.000333 seconds.
  path: Assets/DuDaGi_Img,Sound/Textures/A_OC/A_5.png
  artifactKey: Guid(51c3fb62fc48844f098c31798517c35f) Importer(815301076,1909f56bfc062723c751e8b465ee728b)
Start importing Assets/DuDaGi_Img,Sound/Textures/A_OC/A_5.png using Guid(51c3fb62fc48844f098c31798517c35f) Importer(815301076,1909f56bfc062723c751e8b465ee728b)  -> (artifact id: '1126288833cdbf2cbfdc6d4841caae1b') in 0.019461 seconds
  Import took 0.022112 seconds .

========================================================================
Received Import Request.
  Time since last request: 0.000280 seconds.
  path: Assets/DuDaGi_Img,Sound/Textures/A_OC/A_2.png
  artifactKey: Guid(23ebd58c646d6445b9f63d53cd5de74a) Importer(815301076,1909f56bfc062723c751e8b465ee728b)
Start importing Assets/DuDaGi_Img,Sound/Textures/A_OC/A_2.png using Guid(23ebd58c646d6445b9f63d53cd5de74a) Importer(815301076,1909f56bfc062723c751e8b465ee728b)  -> (artifact id: 'b60c632e964f1a0d2b47fe9f7bfcf9e9') in 0.037973 seconds
  Import took 0.041137 seconds .

========================================================================
Received Import Request.
  Time since last request: 0.000695 seconds.
  path: Assets/DuDaGi_Img,Sound/Textures/A_OC/A_3.png
  artifactKey: Guid(8f329d56f509449b683976d3ff7bd271) Importer(815301076,1909f56bfc062723c751e8b465ee728b)
Start importing Assets/DuDaGi_Img,Sound/Textures/A_OC/A_3.png using Guid(8f329d56f509449b683976d3ff7bd271) Importer(815301076,1909f56bfc062723c751e8b465ee728b)  -> (artifact id: 'e502d448eabb4ec5513599568e3faa47') in 0.040174 seconds
  Import took 0.043044 seconds .

========================================================================
Received Import Request.
  Time since last request: 33.593855 seconds.
  path: Assets/Animation/A_Close 1.anim
  artifactKey: Guid(7adbb229048774d4fb41350349d45232) Importer(815301076,1909f56bfc062723c751e8b465ee728b)
Start importing Assets/Animation/A_Close 1.anim using Guid(7adbb229048774d4fb41350349d45232) Importer(815301076,1909f56bfc062723c751e8b465ee728b)  -> (artifact id: '828f39e4c92a902978ef6bcd0eac809d') in 0.009110 seconds
  Import took 0.011385 seconds .

========================================================================
Received Import Request.
  Time since last request: 15.518318 seconds.
  path: Assets/Animation/A_Open.anim
  artifactKey: Guid(7adbb229048774d4fb41350349d45232) Importer(815301076,1909f56bfc062723c751e8b465ee728b)
Start importing Assets/Animation/A_Open.anim using Guid(7adbb229048774d4fb41350349d45232) Importer(815301076,1909f56bfc062723c751e8b465ee728b)  -> (artifact id: 'bb05d8582be3abe3cdb1411b05eb8bf9') in 0.008075 seconds
  Import took 0.010485 seconds .

========================================================================
Received Import Request.
  Time since last request: 6.068827 seconds.
  path: Assets/Animation/Hole.prefab
  artifactKey: Guid(667ea7a2787ec684cb5b99766bcf5700) Importer(815301076,1909f56bfc062723c751e8b465ee728b)
Start importing Assets/Animation/Hole.prefab using Guid(667ea7a2787ec684cb5b99766bcf5700) Importer(815301076,1909f56bfc062723c751e8b465ee728b)  -> (artifact id: '2cffc069a9aa9ee4c3c6e1d3874fbc14') in 0.051511 seconds
  Import took 0.054393 seconds .

========================================================================
Received Import Request.
  Time since last request: 0.026309 seconds.
  path: Assets/Animation/Hole.prefab
  artifactKey: Guid(667ea7a2787ec684cb5b99766bcf5700) Importer(815301076,1909f56bfc062723c751e8b465ee728b)
Start importing Assets/Animation/Hole.prefab using Guid(667ea7a2787ec684cb5b99766bcf5700) Importer(815301076,1909f56bfc062723c751e8b465ee728b)  -> (artifact id: '2cffc069a9aa9ee4c3c6e1d3874fbc14') in 0.012827 seconds
  Import took 0.015428 seconds .

========================================================================
Received Import Request.
  Time since last request: 34.874852 seconds.
  path: Assets/Animation/A_Open.anim
  artifactKey: Guid(7adbb229048774d4fb41350349d45232) Importer(815301076,1909f56bfc062723c751e8b465ee728b)
Start importing Assets/Animation/A_Open.anim using Guid(7adbb229048774d4fb41350349d45232) Importer(815301076,1909f56bfc062723c751e8b465ee728b)  -> (artifact id: '80600c2c6a4f9eda6468ccd11ef28c5c') in 0.003936 seconds
  Import took 0.006607 seconds .

========================================================================
Received Import Request.
  Time since last request: 17.671408 seconds.
  path: Assets/Animation/A_Open.anim
  artifactKey: Guid(7adbb229048774d4fb41350349d45232) Importer(815301076,1909f56bfc062723c751e8b465ee728b)
Start importing Assets/Animation/A_Open.anim using Guid(7adbb229048774d4fb41350349d45232) Importer(815301076,1909f56bfc062723c751e8b465ee728b)  -> (artifact id: '7beef18c69fd0bedff97f2ba005ece8d') in 0.003172 seconds
  Import took 0.005571 seconds .

========================================================================
Received Import Request.
  Time since last request: 21.403300 seconds.
  path: Assets/Animation/A_I_1.controller
  artifactKey: Guid(62cbdba25e923aa4d9766501e8594967) Importer(815301076,1909f56bfc062723c751e8b465ee728b)
Start importing Assets/Animation/A_I_1.controller using Guid(62cbdba25e923aa4d9766501e8594967) Importer(815301076,1909f56bfc062723c751e8b465ee728b)  -> (artifact id: '2934ebd0101e6b2eaac09712bd6e730f') in 0.003524 seconds
  Import took 0.005860 seconds .

========================================================================
Received Import Request.
  Time since last request: 47.505564 seconds.
  path: Assets/Animation/A_Close 1.anim
  artifactKey: Guid(7adbb229048774d4fb41350349d45232) Importer(815301076,1909f56bfc062723c751e8b465ee728b)
Start importing Assets/Animation/A_Close 1.anim using Guid(7adbb229048774d4fb41350349d45232) Importer(815301076,1909f56bfc062723c751e8b465ee728b)  -> (artifact id: 'cb463039e06587312c6ff899b21d45b6') in 0.003692 seconds
  Import took 0.006510 seconds .

========================================================================
Received Import Request.
  Time since last request: 28.037991 seconds.
  path: Assets/Animation/A_Close 1.anim
  artifactKey: Guid(7adbb229048774d4fb41350349d45232) Importer(815301076,1909f56bfc062723c751e8b465ee728b)
Start importing Assets/Animation/A_Close 1.anim using Guid(7adbb229048774d4fb41350349d45232) Importer(815301076,1909f56bfc062723c751e8b465ee728b)  -> (artifact id: 'f2b0c2da26fe74a598569d433d6d85d1') in 0.002906 seconds
  Import took 0.005022 seconds .

========================================================================
Received Import Request.
  Time since last request: 7.626940 seconds.
  path: Assets/Animation/A_Open.anim
  artifactKey: Guid(7adbb229048774d4fb41350349d45232) Importer(815301076,1909f56bfc062723c751e8b465ee728b)
Start importing Assets/Animation/A_Open.anim using Guid(7adbb229048774d4fb41350349d45232) Importer(815301076,1909f56bfc062723c751e8b465ee728b)  -> (artifact id: 'b4ef544a78af19eab85a0d4a9e819a9f') in 0.002906 seconds
  Import took 0.005610 seconds .

========================================================================
Received Import Request.
  Time since last request: 24.951751 seconds.
  path: Assets/Animation/A_1.controller
  artifactKey: Guid(a86965fcc2bf20448922a6869d6c79fe) Importer(815301076,1909f56bfc062723c751e8b465ee728b)
Start importing Assets/Animation/A_1.controller using Guid(a86965fcc2bf20448922a6869d6c79fe) Importer(815301076,1909f56bfc062723c751e8b465ee728b)  -> (artifact id: '675dce0d2cb58434a699e0072e2879a5') in 0.006515 seconds
  Import took 0.009852 seconds .

========================================================================
Received Prepare
Registering precompiled user dll's ...
Registered in 0.000837 seconds.
Begin MonoManager ReloadAssembly
Native extension for WindowsStandalone target not found
Refreshing native plugins compatible for Editor in 0.25 ms, found 0 plugins.
Preloading 0 native plugins for Editor in 0.00 ms.
Invoked RoslynAnalysisRunner static constructor.
RoslynAnalysisRunner will not be running.
RoslynAnalysisRunner has terminated.
Mono: successfully reloaded assembly
- Completed reload, in  1.171 seconds
Platform modules already initialized, skipping
Refreshing native plugins compatible for Editor in 0.25 ms, found 0 plugins.
Preloading 0 native plugins for Editor in 0.00 ms.
Unloading 1089 Unused Serialized files (Serialized files now loaded: 0)
System memory in use before: 59.6 MB.
System memory in use after: 59.7 MB.

Unloading 5 unused Assets to reduce memory usage. Loaded Objects now: 1563.
Total: 1.917900 ms (FindLiveObjects: 0.139400 ms CreateObjectMapping: 0.036400 ms MarkObjects: 1.694000 ms  DeleteObjects: 0.046700 ms)

========================================================================
Received Import Request.
  Time since last request: 296.151038 seconds.
  path: Assets/Animation/A_Close.anim
  artifactKey: Guid(6a478f829f881f8419b0125dbdbdd6da) Importer(815301076,1909f56bfc062723c751e8b465ee728b)
Start importing Assets/Animation/A_Close.anim using Guid(6a478f829f881f8419b0125dbdbdd6da) Importer(815301076,1909f56bfc062723c751e8b465ee728b)  -> (artifact id: 'f0728717968acb7f45ee20a06ba96f5a') in 0.018526 seconds
  Import took 0.021471 seconds .

========================================================================
Received Import Request.
  Time since last request: 2.033715 seconds.
  path: Assets/Animation/A_Close.anim
  artifactKey: Guid(6a478f829f881f8419b0125dbdbdd6da) Importer(815301076,1909f56bfc062723c751e8b465ee728b)
Start importing Assets/Animation/A_Close.anim using Guid(6a478f829f881f8419b0125dbdbdd6da) Importer(815301076,1909f56bfc062723c751e8b465ee728b)  -> (artifact id: 'b08fa0be3c3b3e5fc8a18227b4c8ddca') in 0.006057 seconds
  Import took 0.009203 seconds .

========================================================================
Received Prepare
Registering precompiled user dll's ...
Registered in 0.001417 seconds.
Begin MonoManager ReloadAssembly
Native extension for WindowsStandalone target not found
Refreshing native plugins compatible for Editor in 0.25 ms, found 0 plugins.
Preloading 0 native plugins for Editor in 0.00 ms.
Invoked RoslynAnalysisRunner static constructor.
RoslynAnalysisRunner will not be running.
RoslynAnalysisRunner has terminated.
Mono: successfully reloaded assembly
- Completed reload, in  1.281 seconds
Platform modules already initialized, skipping
Refreshing native plugins compatible for Editor in 0.31 ms, found 0 plugins.
Preloading 0 native plugins for Editor in 0.00 ms.
Unloading 1089 Unused Serialized files (Serialized files now loaded: 0)
System memory in use before: 59.6 MB.
System memory in use after: 59.7 MB.

Unloading 5 unused Assets to reduce memory usage. Loaded Objects now: 1565.
Total: 3.588800 ms (FindLiveObjects: 0.496100 ms CreateObjectMapping: 0.152700 ms MarkObjects: 2.801800 ms  DeleteObjects: 0.134900 ms)

AssetImportWorkerClient::OnTransportError - code=2 error=End of file
