Using pre-set license
Built from '2020.2/release' branch; Version is '2020.2.1f1 (270dd8c3da1c) revision 2559448'; Using compiler version '192528614'; Build Type 'Release'
OS: 'Windows 10  (10.0.0) 64bit' Language: 'ko' Physical Memory: 16218 MB
BatchMode: 1, IsHumanControllingUs: 0, StartBugReporterOnCrash: 0, Is64bit: 1, IsPro: 0

 COMMAND LINE ARGUMENTS:
C:\Program Files\Unity\Editor\Unity.exe
-adb2
-batchMode
-noUpm
-name
AssetImportWorker0
-projectPath
C:/Unity/Catch_APlus
-logFile
Logs/AssetImportWorker0.log
-srvPort
9321
Successfully changed project path to: C:/Unity/Catch_APlus
C:/Unity/Catch_APlus
Using Asset Import Pipeline V2.
Refreshing native plugins compatible for Editor in 33.53 ms, found 1 plugins.
Preloading 0 native plugins for Editor in 0.00 ms.
Initialize engine version: 2020.2.1f1 (270dd8c3da1c)
[Subsystems] Discovering subsystems at path C:/Program Files/Unity/Editor/Data/Resources/UnitySubsystems
[Subsystems] Discovering subsystems at path C:/Unity/Catch_APlus/Assets
GfxDevice: creating device client; threaded=0
Direct3D:
    Version:  Direct3D 11.0 [level 11.1]
    Renderer: Intel(R) UHD Graphics (ID=0x9b41)
    Vendor:   
    VRAM:     8109 MB
    Driver:   27.20.100.8681
Initialize mono
Mono path[0] = 'C:/Program Files/Unity/Editor/Data/Managed'
Mono path[1] = 'C:/Program Files/Unity/Editor/Data/MonoBleedingEdge/lib/mono/unityjit'
Mono config path = 'C:/Program Files/Unity/Editor/Data/MonoBleedingEdge/etc'
Using monoOptions --debugger-agent=transport=dt_socket,embedding=1,server=y,suspend=n,address=127.0.0.1:56788
Begin MonoManager ReloadAssembly
Registering precompiled unity dll's ...
Register platform support module: C:/Program Files/Unity/Editor/Data/PlaybackEngines/WindowsStandaloneSupport/UnityEditor.WindowsStandalone.Extensions.dll
Registered in 0.001304 seconds.
Native extension for WindowsStandalone target not found
Refreshing native plugins compatible for Editor in 34.78 ms, found 1 plugins.
Preloading 0 native plugins for Editor in 0.00 ms.
Invoked RoslynAnalysisRunner static constructor.
RoslynAnalysisRunner will not be running.
RoslynAnalysisRunner has terminated.
Mono: successfully reloaded assembly
- Completed reload, in  1.082 seconds
Platform modules already initialized, skipping
Registering precompiled user dll's ...
Registered in 0.000791 seconds.
Begin MonoManager ReloadAssembly
Native extension for WindowsStandalone target not found
Refreshing native plugins compatible for Editor in 36.31 ms, found 1 plugins.
Preloading 0 native plugins for Editor in 0.00 ms.
Invoked RoslynAnalysisRunner static constructor.
RoslynAnalysisRunner will not be running.
RoslynAnalysisRunner has terminated.
Mono: successfully reloaded assembly
- Completed reload, in  0.966 seconds
Platform modules already initialized, skipping
========================================================================
Worker process is ready to serve import requests
Launched and connected shader compiler UnityShaderCompiler.exe after 0.03 seconds
Refreshing native plugins compatible for Editor in 0.35 ms, found 1 plugins.
Preloading 0 native plugins for Editor in 0.00 ms.
Unloading 1808 Unused Serialized files (Serialized files now loaded: 0)
System memory in use before: 84.1 MB.
System memory in use after: 84.1 MB.

Unloading 24 unused Assets to reduce memory usage. Loaded Objects now: 2248.
Total: 1.870400 ms (FindLiveObjects: 0.292700 ms CreateObjectMapping: 0.083000 ms MarkObjects: 1.404000 ms  DeleteObjects: 0.089600 ms)

========================================================================
Received Import Request.
  path: Assets/Animation/player_idle_0.controller
  artifactKey: Guid(5cfa373b7c34ec142bbaba14c5319b05) Importer(815301076,1909f56bfc062723c751e8b465ee728b)
Start importing Assets/Animation/player_idle_0.controller using Guid(5cfa373b7c34ec142bbaba14c5319b05) Importer(815301076,1909f56bfc062723c751e8b465ee728b)  -> (artifact id: '9b219acedf66694d9e840b667cf30ebf') in 0.034925 seconds
  Import took 0.038408 seconds .

========================================================================
Received Prepare
Registering precompiled user dll's ...
Registered in 0.001076 seconds.
Begin MonoManager ReloadAssembly
Native extension for WindowsStandalone target not found
Refreshing native plugins compatible for Editor in 0.38 ms, found 1 plugins.
Preloading 0 native plugins for Editor in 0.00 ms.
Invoked RoslynAnalysisRunner static constructor.
RoslynAnalysisRunner will not be running.
RoslynAnalysisRunner has terminated.
Mono: successfully reloaded assembly
- Completed reload, in  0.928 seconds
Platform modules already initialized, skipping
Refreshing native plugins compatible for Editor in 0.43 ms, found 1 plugins.
Preloading 0 native plugins for Editor in 0.00 ms.
Unloading 1803 Unused Serialized files (Serialized files now loaded: 0)
System memory in use before: 84.1 MB.
System memory in use after: 84.1 MB.

Unloading 12 unused Assets to reduce memory usage. Loaded Objects now: 2252.
Total: 2.936400 ms (FindLiveObjects: 0.354600 ms CreateObjectMapping: 0.117800 ms MarkObjects: 2.354500 ms  DeleteObjects: 0.108300 ms)

========================================================================
Received Prepare
Registering precompiled user dll's ...
Registered in 0.000712 seconds.
Begin MonoManager ReloadAssembly
Native extension for WindowsStandalone target not found
Refreshing native plugins compatible for Editor in 0.41 ms, found 1 plugins.
Preloading 0 native plugins for Editor in 0.00 ms.
Invoked RoslynAnalysisRunner static constructor.
RoslynAnalysisRunner will not be running.
RoslynAnalysisRunner has terminated.
Mono: successfully reloaded assembly
- Completed reload, in  0.943 seconds
Platform modules already initialized, skipping
Refreshing native plugins compatible for Editor in 0.36 ms, found 1 plugins.
Preloading 0 native plugins for Editor in 0.00 ms.
Unloading 1803 Unused Serialized files (Serialized files now loaded: 0)
System memory in use before: 84.2 MB.
System memory in use after: 84.2 MB.

Unloading 12 unused Assets to reduce memory usage. Loaded Objects now: 2256.
Total: 3.627100 ms (FindLiveObjects: 0.346300 ms CreateObjectMapping: 0.265800 ms MarkObjects: 2.873700 ms  DeleteObjects: 0.140100 ms)

========================================================================
Received Prepare
Registering precompiled user dll's ...
Registered in 0.000881 seconds.
Begin MonoManager ReloadAssembly
Native extension for WindowsStandalone target not found
Refreshing native plugins compatible for Editor in 0.36 ms, found 1 plugins.
Preloading 0 native plugins for Editor in 0.00 ms.
Invoked RoslynAnalysisRunner static constructor.
RoslynAnalysisRunner will not be running.
RoslynAnalysisRunner has terminated.
Mono: successfully reloaded assembly
- Completed reload, in  0.958 seconds
Platform modules already initialized, skipping
Refreshing native plugins compatible for Editor in 0.42 ms, found 1 plugins.
Preloading 0 native plugins for Editor in 0.00 ms.
Unloading 1803 Unused Serialized files (Serialized files now loaded: 0)
System memory in use before: 84.3 MB.
System memory in use after: 84.3 MB.

Unloading 12 unused Assets to reduce memory usage. Loaded Objects now: 2260.
Total: 2.868600 ms (FindLiveObjects: 0.271200 ms CreateObjectMapping: 0.102600 ms MarkObjects: 2.373600 ms  DeleteObjects: 0.119900 ms)

========================================================================
Received Prepare
Registering precompiled user dll's ...
Registered in 0.001135 seconds.
Begin MonoManager ReloadAssembly
Native extension for WindowsStandalone target not found
Refreshing native plugins compatible for Editor in 0.49 ms, found 1 plugins.
Preloading 0 native plugins for Editor in 0.00 ms.
Invoked RoslynAnalysisRunner static constructor.
RoslynAnalysisRunner will not be running.
RoslynAnalysisRunner has terminated.
Mono: successfully reloaded assembly
- Completed reload, in  0.915 seconds
Platform modules already initialized, skipping
Refreshing native plugins compatible for Editor in 0.37 ms, found 1 plugins.
Preloading 0 native plugins for Editor in 0.00 ms.
Unloading 1803 Unused Serialized files (Serialized files now loaded: 0)
System memory in use before: 84.4 MB.
System memory in use after: 84.4 MB.

Unloading 12 unused Assets to reduce memory usage. Loaded Objects now: 2264.
Total: 2.912400 ms (FindLiveObjects: 0.332600 ms CreateObjectMapping: 0.160300 ms MarkObjects: 2.298200 ms  DeleteObjects: 0.120400 ms)

========================================================================
Received Prepare
Registering precompiled user dll's ...
Registered in 0.000990 seconds.
Begin MonoManager ReloadAssembly
Native extension for WindowsStandalone target not found
Refreshing native plugins compatible for Editor in 0.62 ms, found 1 plugins.
Preloading 0 native plugins for Editor in 0.00 ms.
Invoked RoslynAnalysisRunner static constructor.
RoslynAnalysisRunner will not be running.
RoslynAnalysisRunner has terminated.
Mono: successfully reloaded assembly
- Completed reload, in  0.904 seconds
Platform modules already initialized, skipping
Refreshing native plugins compatible for Editor in 0.32 ms, found 1 plugins.
Preloading 0 native plugins for Editor in 0.00 ms.
Unloading 1803 Unused Serialized files (Serialized files now loaded: 0)
System memory in use before: 84.4 MB.
System memory in use after: 84.4 MB.

Unloading 12 unused Assets to reduce memory usage. Loaded Objects now: 2268.
Total: 2.929600 ms (FindLiveObjects: 0.236300 ms CreateObjectMapping: 0.134600 ms MarkObjects: 2.438200 ms  DeleteObjects: 0.105900 ms)

========================================================================
Received Prepare
Registering precompiled user dll's ...
Registered in 0.000746 seconds.
Begin MonoManager ReloadAssembly
Native extension for WindowsStandalone target not found
Refreshing native plugins compatible for Editor in 0.32 ms, found 1 plugins.
Preloading 0 native plugins for Editor in 0.00 ms.
Invoked RoslynAnalysisRunner static constructor.
RoslynAnalysisRunner will not be running.
RoslynAnalysisRunner has terminated.
Mono: successfully reloaded assembly
- Completed reload, in  0.902 seconds
Platform modules already initialized, skipping
Refreshing native plugins compatible for Editor in 0.36 ms, found 1 plugins.
Preloading 0 native plugins for Editor in 0.00 ms.
Unloading 1803 Unused Serialized files (Serialized files now loaded: 0)
System memory in use before: 84.5 MB.
System memory in use after: 84.5 MB.

Unloading 12 unused Assets to reduce memory usage. Loaded Objects now: 2272.
Total: 2.760100 ms (FindLiveObjects: 0.142600 ms CreateObjectMapping: 0.038400 ms MarkObjects: 2.462300 ms  DeleteObjects: 0.115700 ms)

========================================================================
Received Prepare
Registering precompiled user dll's ...
Registered in 0.000888 seconds.
Begin MonoManager ReloadAssembly
Native extension for WindowsStandalone target not found
Refreshing native plugins compatible for Editor in 0.31 ms, found 1 plugins.
Preloading 0 native plugins for Editor in 0.00 ms.
Invoked RoslynAnalysisRunner static constructor.
RoslynAnalysisRunner will not be running.
RoslynAnalysisRunner has terminated.
Mono: successfully reloaded assembly
- Completed reload, in  0.921 seconds
Platform modules already initialized, skipping
Refreshing native plugins compatible for Editor in 0.38 ms, found 1 plugins.
Preloading 0 native plugins for Editor in 0.00 ms.
Unloading 1803 Unused Serialized files (Serialized files now loaded: 0)
System memory in use before: 84.5 MB.
System memory in use after: 84.5 MB.

Unloading 12 unused Assets to reduce memory usage. Loaded Objects now: 2276.
Total: 2.443900 ms (FindLiveObjects: 0.187300 ms CreateObjectMapping: 0.081000 ms MarkObjects: 2.043400 ms  DeleteObjects: 0.131200 ms)

========================================================================
Received Prepare
Registering precompiled user dll's ...
Registered in 0.000707 seconds.
Begin MonoManager ReloadAssembly
Native extension for WindowsStandalone target not found
Refreshing native plugins compatible for Editor in 0.35 ms, found 1 plugins.
Preloading 0 native plugins for Editor in 0.00 ms.
Invoked RoslynAnalysisRunner static constructor.
RoslynAnalysisRunner will not be running.
RoslynAnalysisRunner has terminated.
Mono: successfully reloaded assembly
- Completed reload, in  0.858 seconds
Platform modules already initialized, skipping
Refreshing native plugins compatible for Editor in 0.33 ms, found 1 plugins.
Preloading 0 native plugins for Editor in 0.00 ms.
Unloading 1803 Unused Serialized files (Serialized files now loaded: 0)
System memory in use before: 84.6 MB.
System memory in use after: 84.6 MB.

Unloading 12 unused Assets to reduce memory usage. Loaded Objects now: 2280.
Total: 2.832000 ms (FindLiveObjects: 0.267900 ms CreateObjectMapping: 0.116500 ms MarkObjects: 2.323900 ms  DeleteObjects: 0.122700 ms)

========================================================================
Received Import Request.
  Time since last request: 1930.984836 seconds.
  path: Assets/img/a_plus.PNG
  artifactKey: Guid(6582c107a529b204dbf5db35dc92747f) Importer(815301076,1909f56bfc062723c751e8b465ee728b)
Start importing Assets/img/a_plus.PNG using Guid(6582c107a529b204dbf5db35dc92747f) Importer(815301076,1909f56bfc062723c751e8b465ee728b)  -> (artifact id: 'c272bb26285ccc485c206904c50ed2b7') in 0.097862 seconds
  Import took 0.102965 seconds .

========================================================================
Received Import Request.
  Time since last request: 24.622268 seconds.
  path: Assets/img/a_plus.PNG
  artifactKey: Guid(6582c107a529b204dbf5db35dc92747f) Importer(815301076,1909f56bfc062723c751e8b465ee728b)
Start importing Assets/img/a_plus.PNG using Guid(6582c107a529b204dbf5db35dc92747f) Importer(815301076,1909f56bfc062723c751e8b465ee728b)  -> (artifact id: 'a05548e36e2ba1aff2a7fab3f240eaa1') in 0.063431 seconds
  Import took 0.067138 seconds .

========================================================================
Received Import Request.
  Time since last request: 22.756843 seconds.
  path: Assets/img/f.PNG
  artifactKey: Guid(0fbd3c4a5640917429b8bc7b90754981) Importer(815301076,1909f56bfc062723c751e8b465ee728b)
Start importing Assets/img/f.PNG using Guid(0fbd3c4a5640917429b8bc7b90754981) Importer(815301076,1909f56bfc062723c751e8b465ee728b)  -> (artifact id: '5eac3d82cc2ceefc0500fe863ea13183') in 0.016274 seconds
  Import took 0.021149 seconds .

========================================================================
Received Import Request.
  Time since last request: 7.690692 seconds.
  path: Assets/img/f.PNG
  artifactKey: Guid(0fbd3c4a5640917429b8bc7b90754981) Importer(815301076,1909f56bfc062723c751e8b465ee728b)
Start importing Assets/img/f.PNG using Guid(0fbd3c4a5640917429b8bc7b90754981) Importer(815301076,1909f56bfc062723c751e8b465ee728b)  -> (artifact id: '873d143cb77894851b7e5211973d7060') in 0.034107 seconds
  Import took 0.037803 seconds .

========================================================================
Received Prepare
Registering precompiled user dll's ...
Registered in 0.001537 seconds.
Begin MonoManager ReloadAssembly
Native extension for WindowsStandalone target not found
Refreshing native plugins compatible for Editor in 0.34 ms, found 1 plugins.
Preloading 0 native plugins for Editor in 0.00 ms.
Invoked RoslynAnalysisRunner static constructor.
RoslynAnalysisRunner will not be running.
RoslynAnalysisRunner has terminated.
Mono: successfully reloaded assembly
- Completed reload, in  0.864 seconds
Platform modules already initialized, skipping
Refreshing native plugins compatible for Editor in 0.43 ms, found 1 plugins.
Preloading 0 native plugins for Editor in 0.00 ms.
Unloading 1803 Unused Serialized files (Serialized files now loaded: 0)
System memory in use before: 87.7 MB.
System memory in use after: 87.7 MB.

Unloading 12 unused Assets to reduce memory usage. Loaded Objects now: 2292.
Total: 2.592700 ms (FindLiveObjects: 0.409900 ms CreateObjectMapping: 0.156600 ms MarkObjects: 1.924200 ms  DeleteObjects: 0.100300 ms)

========================================================================
Received Import Request.
  Time since last request: 124.870569 seconds.
  path: ProjectSettings/TagManager.asset
  artifactKey: Guid(00000000000000003000000000000000) Importer(815301076,1909f56bfc062723c751e8b465ee728b)
Start importing ProjectSettings/TagManager.asset using Guid(00000000000000003000000000000000) Importer(815301076,1909f56bfc062723c751e8b465ee728b)  -> (artifact id: '2a276bfe1a8cbeea2c89852a4ad7a997') in 0.023281 seconds
  Import took 0.027076 seconds .

========================================================================
Received Import Request.
  Time since last request: 51.068688 seconds.
  path: Assets/Scripts/ObjectController.cs
  artifactKey: Guid(a3d87eaa5d524d34aa8cf13d34bd07ff) Importer(815301076,1909f56bfc062723c751e8b465ee728b)
Start importing Assets/Scripts/ObjectController.cs using Guid(a3d87eaa5d524d34aa8cf13d34bd07ff) Importer(815301076,1909f56bfc062723c751e8b465ee728b)  -> (artifact id: 'a8a6c4ee10607cae0950757c8caee5c2') in 0.013509 seconds
  Import took 0.018075 seconds .

========================================================================
Received Prepare
Registering precompiled user dll's ...
Registered in 0.000793 seconds.
Begin MonoManager ReloadAssembly
Native extension for WindowsStandalone target not found
Refreshing native plugins compatible for Editor in 0.39 ms, found 1 plugins.
Preloading 0 native plugins for Editor in 0.00 ms.
Invoked RoslynAnalysisRunner static constructor.
RoslynAnalysisRunner will not be running.
RoslynAnalysisRunner has terminated.
Mono: successfully reloaded assembly
- Completed reload, in  1.022 seconds
Platform modules already initialized, skipping
Refreshing native plugins compatible for Editor in 0.32 ms, found 1 plugins.
Preloading 0 native plugins for Editor in 0.00 ms.
Unloading 1804 Unused Serialized files (Serialized files now loaded: 0)
System memory in use before: 87.8 MB.
System memory in use after: 87.8 MB.

Unloading 13 unused Assets to reduce memory usage. Loaded Objects now: 2297.
Total: 2.406800 ms (FindLiveObjects: 0.228900 ms CreateObjectMapping: 0.148200 ms MarkObjects: 1.921900 ms  DeleteObjects: 0.106400 ms)

========================================================================
Received Import Request.
  Time since last request: 106.691783 seconds.
  path: Assets/Scripts/ObjectController.cs
  artifactKey: Guid(a3d87eaa5d524d34aa8cf13d34bd07ff) Importer(815301076,1909f56bfc062723c751e8b465ee728b)
Start importing Assets/Scripts/ObjectController.cs using Guid(a3d87eaa5d524d34aa8cf13d34bd07ff) Importer(815301076,1909f56bfc062723c751e8b465ee728b)  -> (artifact id: 'ccf456c952b14373c1dcdf871f031b92') in 0.006901 seconds
  Import took 0.009820 seconds .

========================================================================
Received Prepare
Registering precompiled user dll's ...
Registered in 0.000783 seconds.
Begin MonoManager ReloadAssembly
Native extension for WindowsStandalone target not found
Refreshing native plugins compatible for Editor in 0.37 ms, found 1 plugins.
Preloading 0 native plugins for Editor in 0.00 ms.
Invoked RoslynAnalysisRunner static constructor.
RoslynAnalysisRunner will not be running.
RoslynAnalysisRunner has terminated.
Mono: successfully reloaded assembly
- Completed reload, in  0.960 seconds
Platform modules already initialized, skipping
Refreshing native plugins compatible for Editor in 0.34 ms, found 1 plugins.
Preloading 0 native plugins for Editor in 0.00 ms.
Unloading 1804 Unused Serialized files (Serialized files now loaded: 0)
System memory in use before: 87.9 MB.
System memory in use after: 87.9 MB.

Unloading 12 unused Assets to reduce memory usage. Loaded Objects now: 2301.
Total: 2.481100 ms (FindLiveObjects: 0.263100 ms CreateObjectMapping: 0.096900 ms MarkObjects: 1.983700 ms  DeleteObjects: 0.136600 ms)

========================================================================
Received Prepare
Registering precompiled user dll's ...
Registered in 0.001201 seconds.
Begin MonoManager ReloadAssembly
Native extension for WindowsStandalone target not found
Refreshing native plugins compatible for Editor in 0.36 ms, found 1 plugins.
Preloading 0 native plugins for Editor in 0.00 ms.
Invoked RoslynAnalysisRunner static constructor.
RoslynAnalysisRunner will not be running.
RoslynAnalysisRunner has terminated.
Mono: successfully reloaded assembly
- Completed reload, in  1.018 seconds
Platform modules already initialized, skipping
Refreshing native plugins compatible for Editor in 0.50 ms, found 1 plugins.
Preloading 0 native plugins for Editor in 0.00 ms.
Unloading 1804 Unused Serialized files (Serialized files now loaded: 0)
System memory in use before: 88.0 MB.
System memory in use after: 88.0 MB.

Unloading 12 unused Assets to reduce memory usage. Loaded Objects now: 2305.
Total: 1.972500 ms (FindLiveObjects: 0.192700 ms CreateObjectMapping: 0.073000 ms MarkObjects: 1.618200 ms  DeleteObjects: 0.087400 ms)

========================================================================
Received Prepare
Registering precompiled user dll's ...
Registered in 0.000758 seconds.
Begin MonoManager ReloadAssembly
Native extension for WindowsStandalone target not found
Refreshing native plugins compatible for Editor in 0.33 ms, found 1 plugins.
Preloading 0 native plugins for Editor in 0.00 ms.
Invoked RoslynAnalysisRunner static constructor.
RoslynAnalysisRunner will not be running.
RoslynAnalysisRunner has terminated.
Mono: successfully reloaded assembly
- Completed reload, in  0.875 seconds
Platform modules already initialized, skipping
Refreshing native plugins compatible for Editor in 0.37 ms, found 1 plugins.
Preloading 0 native plugins for Editor in 0.00 ms.
Unloading 1804 Unused Serialized files (Serialized files now loaded: 0)
System memory in use before: 88.0 MB.
System memory in use after: 88.0 MB.

Unloading 12 unused Assets to reduce memory usage. Loaded Objects now: 2309.
Total: 3.502800 ms (FindLiveObjects: 0.270800 ms CreateObjectMapping: 0.156700 ms MarkObjects: 2.932500 ms  DeleteObjects: 0.141900 ms)

========================================================================
Received Prepare
Registering precompiled user dll's ...
Registered in 0.000680 seconds.
Begin MonoManager ReloadAssembly
Native extension for WindowsStandalone target not found
Refreshing native plugins compatible for Editor in 0.34 ms, found 1 plugins.
Preloading 0 native plugins for Editor in 0.00 ms.
Invoked RoslynAnalysisRunner static constructor.
RoslynAnalysisRunner will not be running.
RoslynAnalysisRunner has terminated.
Mono: successfully reloaded assembly
- Completed reload, in  0.833 seconds
Platform modules already initialized, skipping
Refreshing native plugins compatible for Editor in 0.37 ms, found 1 plugins.
Preloading 0 native plugins for Editor in 0.00 ms.
Unloading 1804 Unused Serialized files (Serialized files now loaded: 0)
System memory in use before: 88.1 MB.
System memory in use after: 88.1 MB.

Unloading 12 unused Assets to reduce memory usage. Loaded Objects now: 2313.
Total: 2.973200 ms (FindLiveObjects: 0.147600 ms CreateObjectMapping: 0.042100 ms MarkObjects: 2.632600 ms  DeleteObjects: 0.149900 ms)

========================================================================
Received Import Request.
  Time since last request: 227.362385 seconds.
  path: Assets/Animation/a_plus_0.controller
  artifactKey: Guid(77dc28b99e6688946ad976fd7e83e172) Importer(815301076,1909f56bfc062723c751e8b465ee728b)
Start importing Assets/Animation/a_plus_0.controller using Guid(77dc28b99e6688946ad976fd7e83e172) Importer(815301076,1909f56bfc062723c751e8b465ee728b)  -> (artifact id: '5f26472e14ac1c6a66db9d4d1c4ed806') in 0.024846 seconds
  Import took 0.028634 seconds .

========================================================================
Received Import Request.
  Time since last request: 0.001103 seconds.
  path: Assets/Animation/a_plus_0.controller
  artifactKey: Guid(77dc28b99e6688946ad976fd7e83e172) Importer(815301076,1909f56bfc062723c751e8b465ee728b)
Start importing Assets/Animation/a_plus_0.controller using Guid(77dc28b99e6688946ad976fd7e83e172) Importer(815301076,1909f56bfc062723c751e8b465ee728b)  -> (artifact id: '5f26472e14ac1c6a66db9d4d1c4ed806') in 0.003529 seconds
  Import took 0.006898 seconds .

========================================================================
Received Import Request.
  Time since last request: 0.896685 seconds.
  path: Assets/Animation/f_0.controller
  artifactKey: Guid(fee05d0c850779442a8e8228316166d3) Importer(815301076,1909f56bfc062723c751e8b465ee728b)
Start importing Assets/Animation/f_0.controller using Guid(fee05d0c850779442a8e8228316166d3) Importer(815301076,1909f56bfc062723c751e8b465ee728b)  -> (artifact id: '6f246b742922a2f0f6863111c5076003') in 0.010822 seconds
  Import took 0.014294 seconds .

========================================================================
Received Prepare
Registering precompiled user dll's ...
Registered in 0.001291 seconds.
Begin MonoManager ReloadAssembly
Native extension for WindowsStandalone target not found
Refreshing native plugins compatible for Editor in 0.38 ms, found 1 plugins.
Preloading 0 native plugins for Editor in 0.00 ms.
Invoked RoslynAnalysisRunner static constructor.
RoslynAnalysisRunner will not be running.
RoslynAnalysisRunner has terminated.
Mono: successfully reloaded assembly
- Completed reload, in  0.835 seconds
Platform modules already initialized, skipping
Refreshing native plugins compatible for Editor in 0.42 ms, found 1 plugins.
Preloading 0 native plugins for Editor in 0.00 ms.
Unloading 1804 Unused Serialized files (Serialized files now loaded: 0)
System memory in use before: 88.1 MB.
System memory in use after: 88.1 MB.

Unloading 12 unused Assets to reduce memory usage. Loaded Objects now: 2317.
Total: 2.962900 ms (FindLiveObjects: 0.127500 ms CreateObjectMapping: 0.038100 ms MarkObjects: 2.606400 ms  DeleteObjects: 0.189600 ms)

========================================================================
Received Import Request.
  Time since last request: 232.253894 seconds.
  path: Assets/Prefabs
  artifactKey: Guid(387e800a43ba8fa459478e441442933d) Importer(815301076,1909f56bfc062723c751e8b465ee728b)
Start importing Assets/Prefabs using Guid(387e800a43ba8fa459478e441442933d) Importer(815301076,1909f56bfc062723c751e8b465ee728b)  -> (artifact id: '31897e6b363f410baa3f5a1f97ceaf03') in 0.011369 seconds
  Import took 0.014656 seconds .

========================================================================
Received Import Request.
  Time since last request: 2.731596 seconds.
  path: Assets/Prefabs/aplus.prefab
  artifactKey: Guid(be326bc2dff07044b933e317e7fa07b8) Importer(815301076,1909f56bfc062723c751e8b465ee728b)
Start importing Assets/Prefabs/aplus.prefab using Guid(be326bc2dff07044b933e317e7fa07b8) Importer(815301076,1909f56bfc062723c751e8b465ee728b)  -> (artifact id: '15c15e9f507200fd23b91b0ccdb878dc') in 0.081040 seconds
  Import took 0.084836 seconds .

========================================================================
Received Import Request.
  Time since last request: 0.002594 seconds.
  path: Assets/Prefabs/aplus.prefab
  artifactKey: Guid(be326bc2dff07044b933e317e7fa07b8) Importer(815301076,1909f56bfc062723c751e8b465ee728b)
Start importing Assets/Prefabs/aplus.prefab using Guid(be326bc2dff07044b933e317e7fa07b8) Importer(815301076,1909f56bfc062723c751e8b465ee728b)  -> (artifact id: '15c15e9f507200fd23b91b0ccdb878dc') in 0.014945 seconds
  Import took 0.018639 seconds .

========================================================================
Received Import Request.
  Time since last request: 3.188394 seconds.
  path: Assets/Prefabs/f.prefab
  artifactKey: Guid(ef80d11bc4079db40ba02fb4b306a489) Importer(815301076,1909f56bfc062723c751e8b465ee728b)
Start importing Assets/Prefabs/f.prefab using Guid(ef80d11bc4079db40ba02fb4b306a489) Importer(815301076,1909f56bfc062723c751e8b465ee728b)  -> (artifact id: '681a90e2fb4327f8b9e1a6225feaf124') in 0.017356 seconds
  Import took 0.021550 seconds .

========================================================================
Received Prepare
Registering precompiled user dll's ...
Registered in 0.000764 seconds.
Begin MonoManager ReloadAssembly
Native extension for WindowsStandalone target not found
Refreshing native plugins compatible for Editor in 0.35 ms, found 1 plugins.
Preloading 0 native plugins for Editor in 0.00 ms.
Invoked RoslynAnalysisRunner static constructor.
RoslynAnalysisRunner will not be running.
RoslynAnalysisRunner has terminated.
Mono: successfully reloaded assembly
- Completed reload, in  0.914 seconds
Platform modules already initialized, skipping
Refreshing native plugins compatible for Editor in 0.37 ms, found 1 plugins.
Preloading 0 native plugins for Editor in 0.00 ms.
Unloading 1805 Unused Serialized files (Serialized files now loaded: 0)
System memory in use before: 88.3 MB.
System memory in use after: 88.3 MB.

Unloading 12 unused Assets to reduce memory usage. Loaded Objects now: 2327.
Total: 2.636200 ms (FindLiveObjects: 0.298700 ms CreateObjectMapping: 0.225000 ms MarkObjects: 2.020500 ms  DeleteObjects: 0.090700 ms)

========================================================================
Received Import Request.
  Time since last request: 55.914915 seconds.
  path: Assets/GameManager.cs
  artifactKey: Guid(a6932fd7e562c65429fcf60101d71196) Importer(815301076,1909f56bfc062723c751e8b465ee728b)
Start importing Assets/GameManager.cs using Guid(a6932fd7e562c65429fcf60101d71196) Importer(815301076,1909f56bfc062723c751e8b465ee728b)  -> (artifact id: 'a15f43f50040e0bb6a158227f9d18686') in 0.011789 seconds
  Import took 0.015265 seconds .

========================================================================
Received Prepare
Registering precompiled user dll's ...
Registered in 0.000824 seconds.
Begin MonoManager ReloadAssembly
Native extension for WindowsStandalone target not found
Refreshing native plugins compatible for Editor in 0.37 ms, found 1 plugins.
Preloading 0 native plugins for Editor in 0.00 ms.
Invoked RoslynAnalysisRunner static constructor.
RoslynAnalysisRunner will not be running.
RoslynAnalysisRunner has terminated.
Mono: successfully reloaded assembly
- Completed reload, in  0.918 seconds
Platform modules already initialized, skipping
Refreshing native plugins compatible for Editor in 0.52 ms, found 1 plugins.
Preloading 0 native plugins for Editor in 0.00 ms.
Unloading 1805 Unused Serialized files (Serialized files now loaded: 0)
System memory in use before: 88.4 MB.
System memory in use after: 88.4 MB.

Unloading 12 unused Assets to reduce memory usage. Loaded Objects now: 2331.
Total: 3.056300 ms (FindLiveObjects: 0.130700 ms CreateObjectMapping: 0.039800 ms MarkObjects: 2.784800 ms  DeleteObjects: 0.099600 ms)

========================================================================
Received Prepare
Registering precompiled user dll's ...
Registered in 0.000798 seconds.
Begin MonoManager ReloadAssembly
Native extension for WindowsStandalone target not found
Refreshing native plugins compatible for Editor in 0.55 ms, found 1 plugins.
Preloading 0 native plugins for Editor in 0.00 ms.
Invoked RoslynAnalysisRunner static constructor.
RoslynAnalysisRunner will not be running.
RoslynAnalysisRunner has terminated.
Mono: successfully reloaded assembly
- Completed reload, in  1.022 seconds
Platform modules already initialized, skipping
Refreshing native plugins compatible for Editor in 0.40 ms, found 1 plugins.
Preloading 0 native plugins for Editor in 0.00 ms.
Unloading 1805 Unused Serialized files (Serialized files now loaded: 0)
System memory in use before: 88.4 MB.
System memory in use after: 88.4 MB.

Unloading 12 unused Assets to reduce memory usage. Loaded Objects now: 2335.
Total: 2.373800 ms (FindLiveObjects: 0.136200 ms CreateObjectMapping: 0.042900 ms MarkObjects: 2.076900 ms  DeleteObjects: 0.116700 ms)

========================================================================
Received Prepare
Registering precompiled user dll's ...
Registered in 0.001016 seconds.
Begin MonoManager ReloadAssembly
Native extension for WindowsStandalone target not found
Refreshing native plugins compatible for Editor in 0.38 ms, found 1 plugins.
Preloading 0 native plugins for Editor in 0.00 ms.
Invoked RoslynAnalysisRunner static constructor.
RoslynAnalysisRunner will not be running.
RoslynAnalysisRunner has terminated.
Mono: successfully reloaded assembly
- Completed reload, in  0.865 seconds
Platform modules already initialized, skipping
Refreshing native plugins compatible for Editor in 0.33 ms, found 1 plugins.
Preloading 0 native plugins for Editor in 0.00 ms.
Unloading 1805 Unused Serialized files (Serialized files now loaded: 0)
System memory in use before: 88.5 MB.
System memory in use after: 88.5 MB.

Unloading 12 unused Assets to reduce memory usage. Loaded Objects now: 2339.
Total: 3.233000 ms (FindLiveObjects: 0.503600 ms CreateObjectMapping: 0.115800 ms MarkObjects: 2.475700 ms  DeleteObjects: 0.136800 ms)

========================================================================
Received Prepare
Registering precompiled user dll's ...
Registered in 0.000818 seconds.
Begin MonoManager ReloadAssembly
Native extension for WindowsStandalone target not found
Refreshing native plugins compatible for Editor in 0.35 ms, found 1 plugins.
Preloading 0 native plugins for Editor in 0.00 ms.
Invoked RoslynAnalysisRunner static constructor.
RoslynAnalysisRunner will not be running.
RoslynAnalysisRunner has terminated.
Mono: successfully reloaded assembly
- Completed reload, in  0.874 seconds
Platform modules already initialized, skipping
Refreshing native plugins compatible for Editor in 0.46 ms, found 1 plugins.
Preloading 0 native plugins for Editor in 0.00 ms.
Unloading 1805 Unused Serialized files (Serialized files now loaded: 0)
System memory in use before: 88.5 MB.
System memory in use after: 88.5 MB.

Unloading 12 unused Assets to reduce memory usage. Loaded Objects now: 2343.
Total: 2.853400 ms (FindLiveObjects: 0.176400 ms CreateObjectMapping: 0.068200 ms MarkObjects: 2.510200 ms  DeleteObjects: 0.097100 ms)

========================================================================
Received Import Request.
  Time since last request: 375.636476 seconds.
  path: Assets/package/CartoonFX_selection.unitypackage
  artifactKey: Guid(3a7e0b5f6e91974459c294d855db1b39) Importer(815301076,1909f56bfc062723c751e8b465ee728b)
Start importing Assets/package/CartoonFX_selection.unitypackage using Guid(3a7e0b5f6e91974459c294d855db1b39) Importer(815301076,1909f56bfc062723c751e8b465ee728b)  -> (artifact id: '5f29988c552b272036f4100c255a3445') in 0.022351 seconds
  Import took 0.026174 seconds .

========================================================================
Received Import Request.
  Time since last request: 0.008788 seconds.
  path: Assets/package/CartoonFX_selection.unitypackage
  artifactKey: Guid(3a7e0b5f6e91974459c294d855db1b39) Importer(815301076,1909f56bfc062723c751e8b465ee728b)
Start importing Assets/package/CartoonFX_selection.unitypackage using Guid(3a7e0b5f6e91974459c294d855db1b39) Importer(815301076,1909f56bfc062723c751e8b465ee728b)  -> (artifact id: '5f29988c552b272036f4100c255a3445') in 0.003562 seconds
  Import took 0.007495 seconds .

========================================================================
Received Prepare
Registering precompiled user dll's ...
Registered in 0.002216 seconds.
Begin MonoManager ReloadAssembly
Native extension for WindowsStandalone target not found
Refreshing native plugins compatible for Editor in 0.39 ms, found 1 plugins.
Preloading 0 native plugins for Editor in 0.00 ms.
Invoked RoslynAnalysisRunner static constructor.
RoslynAnalysisRunner will not be running.
RoslynAnalysisRunner has terminated.
Mono: successfully reloaded assembly
- Completed reload, in  1.189 seconds
Platform modules already initialized, skipping
Refreshing native plugins compatible for Editor in 0.47 ms, found 1 plugins.
Preloading 0 native plugins for Editor in 0.00 ms.
Unloading 1815 Unused Serialized files (Serialized files now loaded: 0)
System memory in use before: 89.6 MB.
System memory in use after: 89.5 MB.

Unloading 14 unused Assets to reduce memory usage. Loaded Objects now: 2357.
Total: 2.073200 ms (FindLiveObjects: 0.161400 ms CreateObjectMapping: 0.055600 ms MarkObjects: 1.753400 ms  DeleteObjects: 0.101600 ms)

========================================================================
Received Import Request.
  Time since last request: 149.809514 seconds.
  path: Assets/FX/CFXM2_PickupHeart3.prefab
  artifactKey: Guid(e116059325ae3e640a98f7a1b89d797b) Importer(815301076,1909f56bfc062723c751e8b465ee728b)
Start importing Assets/FX/CFXM2_PickupHeart3.prefab using Guid(e116059325ae3e640a98f7a1b89d797b) Importer(815301076,1909f56bfc062723c751e8b465ee728b)  -> (artifact id: '5ce5511c222f20643ba42880383d473e') in 0.035456 seconds
  Import took 0.039447 seconds .

========================================================================
Received Import Request.
  Time since last request: 0.066777 seconds.
  path: Assets/FX/CFXM2_PickupHeart3.prefab
  artifactKey: Guid(e116059325ae3e640a98f7a1b89d797b) Importer(815301076,1909f56bfc062723c751e8b465ee728b)
Start importing Assets/FX/CFXM2_PickupHeart3.prefab using Guid(e116059325ae3e640a98f7a1b89d797b) Importer(815301076,1909f56bfc062723c751e8b465ee728b)  -> (artifact id: '5ce5511c222f20643ba42880383d473e') in 0.004733 seconds
  Import took 0.009192 seconds .

========================================================================
Received Import Request.
  Time since last request: 0.016540 seconds.
  path: Assets/JMO Assets/Cartoon FX/Materials (Mobile)/Symbols/CFXM2_Heart Add.mat
  artifactKey: Guid(3d1defc87dc4a8f44b296e6aaedd9f73) Importer(815301076,1909f56bfc062723c751e8b465ee728b)
Start importing Assets/JMO Assets/Cartoon FX/Materials (Mobile)/Symbols/CFXM2_Heart Add.mat using Guid(3d1defc87dc4a8f44b296e6aaedd9f73) Importer(815301076,1909f56bfc062723c751e8b465ee728b)  -> (artifact id: '2866a289ae2c2d685b60fb39dc15766b') in 0.078695 seconds
  Import took 0.083081 seconds .

========================================================================
Received Prepare
Registering precompiled user dll's ...
Registered in 0.001136 seconds.
Begin MonoManager ReloadAssembly
Native extension for WindowsStandalone target not found
Refreshing native plugins compatible for Editor in 0.70 ms, found 1 plugins.
Preloading 0 native plugins for Editor in 0.00 ms.
Invoked RoslynAnalysisRunner static constructor.
RoslynAnalysisRunner will not be running.
RoslynAnalysisRunner has terminated.
Mono: successfully reloaded assembly
- Completed reload, in  1.049 seconds
Platform modules already initialized, skipping
Refreshing native plugins compatible for Editor in 0.41 ms, found 1 plugins.
Preloading 0 native plugins for Editor in 0.00 ms.
Unloading 1815 Unused Serialized files (Serialized files now loaded: 0)
System memory in use before: 89.8 MB.
System memory in use after: 89.8 MB.

Unloading 13 unused Assets to reduce memory usage. Loaded Objects now: 2396.
Total: 4.115400 ms (FindLiveObjects: 0.330600 ms CreateObjectMapping: 0.084200 ms MarkObjects: 3.562300 ms  DeleteObjects: 0.137200 ms)

========================================================================
Received Prepare
Registering precompiled user dll's ...
Registered in 0.001066 seconds.
Begin MonoManager ReloadAssembly
Native extension for WindowsStandalone target not found
Refreshing native plugins compatible for Editor in 0.43 ms, found 1 plugins.
Preloading 0 native plugins for Editor in 0.00 ms.
Invoked RoslynAnalysisRunner static constructor.
RoslynAnalysisRunner will not be running.
RoslynAnalysisRunner has terminated.
Mono: successfully reloaded assembly
- Completed reload, in  0.935 seconds
Platform modules already initialized, skipping
Refreshing native plugins compatible for Editor in 0.37 ms, found 1 plugins.
Preloading 0 native plugins for Editor in 0.00 ms.
Unloading 1814 Unused Serialized files (Serialized files now loaded: 0)
System memory in use before: 89.8 MB.
System memory in use after: 89.8 MB.

Unloading 13 unused Assets to reduce memory usage. Loaded Objects now: 2400.
Total: 3.098800 ms (FindLiveObjects: 0.437200 ms CreateObjectMapping: 0.201600 ms MarkObjects: 2.337800 ms  DeleteObjects: 0.121300 ms)

========================================================================
Received Prepare
Registering precompiled user dll's ...
Registered in 0.001121 seconds.
Begin MonoManager ReloadAssembly
Native extension for WindowsStandalone target not found
Refreshing native plugins compatible for Editor in 0.33 ms, found 1 plugins.
Preloading 0 native plugins for Editor in 0.00 ms.
Invoked RoslynAnalysisRunner static constructor.
RoslynAnalysisRunner will not be running.
RoslynAnalysisRunner has terminated.
Mono: successfully reloaded assembly
- Completed reload, in  0.912 seconds
Platform modules already initialized, skipping
Refreshing native plugins compatible for Editor in 0.39 ms, found 1 plugins.
Preloading 0 native plugins for Editor in 0.00 ms.
Unloading 1814 Unused Serialized files (Serialized files now loaded: 0)
System memory in use before: 89.9 MB.
System memory in use after: 89.9 MB.

Unloading 13 unused Assets to reduce memory usage. Loaded Objects now: 2404.
Total: 3.802000 ms (FindLiveObjects: 0.466100 ms CreateObjectMapping: 0.130200 ms MarkObjects: 3.043600 ms  DeleteObjects: 0.160900 ms)

========================================================================
Received Prepare
Registering precompiled user dll's ...
Registered in 0.001927 seconds.
Begin MonoManager ReloadAssembly
Native extension for WindowsStandalone target not found
Refreshing native plugins compatible for Editor in 0.33 ms, found 1 plugins.
Preloading 0 native plugins for Editor in 0.00 ms.
Invoked RoslynAnalysisRunner static constructor.
RoslynAnalysisRunner will not be running.
RoslynAnalysisRunner has terminated.
Mono: successfully reloaded assembly
- Completed reload, in  1.043 seconds
Platform modules already initialized, skipping
Refreshing native plugins compatible for Editor in 0.33 ms, found 1 plugins.
Preloading 0 native plugins for Editor in 0.00 ms.
Unloading 1814 Unused Serialized files (Serialized files now loaded: 0)
System memory in use before: 90.0 MB.
System memory in use after: 90.0 MB.

Unloading 13 unused Assets to reduce memory usage. Loaded Objects now: 2408.
Total: 3.643700 ms (FindLiveObjects: 0.246400 ms CreateObjectMapping: 0.049000 ms MarkObjects: 3.196300 ms  DeleteObjects: 0.150200 ms)

========================================================================
Received Prepare
Registering precompiled user dll's ...
Registered in 0.001520 seconds.
Begin MonoManager ReloadAssembly
Native extension for WindowsStandalone target not found
Refreshing native plugins compatible for Editor in 0.50 ms, found 1 plugins.
Preloading 0 native plugins for Editor in 0.00 ms.
Invoked RoslynAnalysisRunner static constructor.
RoslynAnalysisRunner will not be running.
RoslynAnalysisRunner has terminated.
Mono: successfully reloaded assembly
- Completed reload, in  1.167 seconds
Platform modules already initialized, skipping
Refreshing native plugins compatible for Editor in 0.43 ms, found 1 plugins.
Preloading 0 native plugins for Editor in 0.00 ms.
Unloading 1814 Unused Serialized files (Serialized files now loaded: 0)
System memory in use before: 90.0 MB.
System memory in use after: 90.0 MB.

Unloading 13 unused Assets to reduce memory usage. Loaded Objects now: 2412.
Total: 2.370600 ms (FindLiveObjects: 0.239500 ms CreateObjectMapping: 0.085200 ms MarkObjects: 1.941100 ms  DeleteObjects: 0.102600 ms)

========================================================================
Received Prepare
Registering precompiled user dll's ...
Registered in 0.001136 seconds.
Begin MonoManager ReloadAssembly
Native extension for WindowsStandalone target not found
Refreshing native plugins compatible for Editor in 0.36 ms, found 1 plugins.
Preloading 0 native plugins for Editor in 0.00 ms.
Invoked RoslynAnalysisRunner static constructor.
RoslynAnalysisRunner will not be running.
RoslynAnalysisRunner has terminated.
Mono: successfully reloaded assembly
- Completed reload, in  0.963 seconds
Platform modules already initialized, skipping
Refreshing native plugins compatible for Editor in 0.42 ms, found 1 plugins.
Preloading 0 native plugins for Editor in 0.00 ms.
Unloading 1814 Unused Serialized files (Serialized files now loaded: 0)
System memory in use before: 90.1 MB.
System memory in use after: 90.1 MB.

Unloading 13 unused Assets to reduce memory usage. Loaded Objects now: 2416.
Total: 3.441100 ms (FindLiveObjects: 0.344500 ms CreateObjectMapping: 0.146300 ms MarkObjects: 2.809800 ms  DeleteObjects: 0.139300 ms)

========================================================================
Received Prepare
Registering precompiled user dll's ...
Registered in 0.001024 seconds.
Begin MonoManager ReloadAssembly
Native extension for WindowsStandalone target not found
Refreshing native plugins compatible for Editor in 0.36 ms, found 1 plugins.
Preloading 0 native plugins for Editor in 0.00 ms.
Invoked RoslynAnalysisRunner static constructor.
RoslynAnalysisRunner will not be running.
RoslynAnalysisRunner has terminated.
Mono: successfully reloaded assembly
- Completed reload, in  0.830 seconds
Platform modules already initialized, skipping
Refreshing native plugins compatible for Editor in 0.37 ms, found 1 plugins.
Preloading 0 native plugins for Editor in 0.00 ms.
Unloading 1814 Unused Serialized files (Serialized files now loaded: 0)
System memory in use before: 90.2 MB.
System memory in use after: 90.2 MB.

Unloading 13 unused Assets to reduce memory usage. Loaded Objects now: 2420.
Total: 3.135000 ms (FindLiveObjects: 0.386200 ms CreateObjectMapping: 0.131800 ms MarkObjects: 2.499700 ms  DeleteObjects: 0.116400 ms)

========================================================================
Received Import Request.
  Time since last request: 1783.198856 seconds.
  path: Assets/img/hp_bg.png
  artifactKey: Guid(8621b7fc9ff08644696fb661f0d4d733) Importer(815301076,1909f56bfc062723c751e8b465ee728b)
Start importing Assets/img/hp_bg.png using Guid(8621b7fc9ff08644696fb661f0d4d733) Importer(815301076,1909f56bfc062723c751e8b465ee728b)  -> (artifact id: 'b995c603d619a72fe85b783dca370f4d') in 0.068009 seconds
  Import took 0.071486 seconds .

========================================================================
Received Prepare
Registering precompiled user dll's ...
Registered in 0.001528 seconds.
Begin MonoManager ReloadAssembly
Native extension for WindowsStandalone target not found
Refreshing native plugins compatible for Editor in 0.40 ms, found 1 plugins.
Preloading 0 native plugins for Editor in 0.00 ms.
Invoked RoslynAnalysisRunner static constructor.
RoslynAnalysisRunner will not be running.
RoslynAnalysisRunner has terminated.
Mono: successfully reloaded assembly
- Completed reload, in  0.946 seconds
Platform modules already initialized, skipping
Refreshing native plugins compatible for Editor in 0.33 ms, found 1 plugins.
Preloading 0 native plugins for Editor in 0.00 ms.
Unloading 1814 Unused Serialized files (Serialized files now loaded: 0)
System memory in use before: 90.2 MB.
System memory in use after: 90.2 MB.

Unloading 13 unused Assets to reduce memory usage. Loaded Objects now: 2427.
Total: 3.854500 ms (FindLiveObjects: 0.345200 ms CreateObjectMapping: 0.180900 ms MarkObjects: 3.140500 ms  DeleteObjects: 0.185900 ms)

========================================================================
Received Prepare
Registering precompiled user dll's ...
Registered in 0.001664 seconds.
Begin MonoManager ReloadAssembly
Native extension for WindowsStandalone target not found
Refreshing native plugins compatible for Editor in 0.52 ms, found 1 plugins.
Preloading 0 native plugins for Editor in 0.00 ms.
Invoked RoslynAnalysisRunner static constructor.
RoslynAnalysisRunner will not be running.
RoslynAnalysisRunner has terminated.
Mono: successfully reloaded assembly
- Completed reload, in  0.911 seconds
Platform modules already initialized, skipping
Refreshing native plugins compatible for Editor in 0.35 ms, found 1 plugins.
Preloading 0 native plugins for Editor in 0.00 ms.
Unloading 1814 Unused Serialized files (Serialized files now loaded: 0)
System memory in use before: 90.3 MB.
System memory in use after: 90.3 MB.

Unloading 13 unused Assets to reduce memory usage. Loaded Objects now: 2431.
Total: 3.140800 ms (FindLiveObjects: 0.370000 ms CreateObjectMapping: 0.158400 ms MarkObjects: 2.485500 ms  DeleteObjects: 0.125900 ms)

========================================================================
Received Prepare
Registering precompiled user dll's ...
Registered in 0.001085 seconds.
Begin MonoManager ReloadAssembly
Native extension for WindowsStandalone target not found
Refreshing native plugins compatible for Editor in 0.55 ms, found 1 plugins.
Preloading 0 native plugins for Editor in 0.00 ms.
Invoked RoslynAnalysisRunner static constructor.
RoslynAnalysisRunner will not be running.
RoslynAnalysisRunner has terminated.
Mono: successfully reloaded assembly
- Completed reload, in  0.964 seconds
Platform modules already initialized, skipping
Refreshing native plugins compatible for Editor in 0.69 ms, found 1 plugins.
Preloading 0 native plugins for Editor in 0.00 ms.
Unloading 1814 Unused Serialized files (Serialized files now loaded: 0)
System memory in use before: 90.3 MB.
System memory in use after: 90.3 MB.

Unloading 13 unused Assets to reduce memory usage. Loaded Objects now: 2435.
Total: 2.762000 ms (FindLiveObjects: 0.185600 ms CreateObjectMapping: 0.079000 ms MarkObjects: 2.402900 ms  DeleteObjects: 0.093600 ms)

========================================================================
Received Prepare
Registering precompiled user dll's ...
Registered in 0.001601 seconds.
Begin MonoManager ReloadAssembly
Native extension for WindowsStandalone target not found
Refreshing native plugins compatible for Editor in 0.36 ms, found 1 plugins.
Preloading 0 native plugins for Editor in 0.00 ms.
Invoked RoslynAnalysisRunner static constructor.
RoslynAnalysisRunner will not be running.
RoslynAnalysisRunner has terminated.
Mono: successfully reloaded assembly
- Completed reload, in  0.955 seconds
Platform modules already initialized, skipping
Refreshing native plugins compatible for Editor in 0.35 ms, found 1 plugins.
Preloading 0 native plugins for Editor in 0.00 ms.
Unloading 1814 Unused Serialized files (Serialized files now loaded: 0)
System memory in use before: 90.4 MB.
System memory in use after: 90.4 MB.

Unloading 13 unused Assets to reduce memory usage. Loaded Objects now: 2439.
Total: 2.207700 ms (FindLiveObjects: 0.239500 ms CreateObjectMapping: 0.066300 ms MarkObjects: 1.775400 ms  DeleteObjects: 0.125300 ms)

========================================================================
Received Prepare
Registering precompiled user dll's ...
Registered in 0.001284 seconds.
Begin MonoManager ReloadAssembly
Native extension for WindowsStandalone target not found
Refreshing native plugins compatible for Editor in 0.47 ms, found 1 plugins.
Preloading 0 native plugins for Editor in 0.00 ms.
Invoked RoslynAnalysisRunner static constructor.
RoslynAnalysisRunner will not be running.
RoslynAnalysisRunner has terminated.
Mono: successfully reloaded assembly
- Completed reload, in  0.976 seconds
Platform modules already initialized, skipping
Refreshing native plugins compatible for Editor in 0.49 ms, found 1 plugins.
Preloading 0 native plugins for Editor in 0.00 ms.
Unloading 1814 Unused Serialized files (Serialized files now loaded: 0)
System memory in use before: 90.5 MB.
System memory in use after: 90.5 MB.

Unloading 13 unused Assets to reduce memory usage. Loaded Objects now: 2443.
Total: 3.152100 ms (FindLiveObjects: 0.458300 ms CreateObjectMapping: 0.190600 ms MarkObjects: 2.375600 ms  DeleteObjects: 0.126700 ms)

========================================================================
Received Import Request.
  Time since last request: 822.204976 seconds.
  path: Assets/img/ready.png
  artifactKey: Guid(daa9af823ede5bf4c86e2e7b2924559b) Importer(815301076,1909f56bfc062723c751e8b465ee728b)
Start importing Assets/img/ready.png using Guid(daa9af823ede5bf4c86e2e7b2924559b) Importer(815301076,1909f56bfc062723c751e8b465ee728b)  -> (artifact id: 'd448691320f0f481fbb96880ef4f3dbc') in 0.064912 seconds
  Import took 0.068274 seconds .

========================================================================
Received Import Request.
  Time since last request: 3.729327 seconds.
  path: Assets/img/pressanykey.png
  artifactKey: Guid(9c32a1e075c96ff48a56a8e08574fa56) Importer(815301076,1909f56bfc062723c751e8b465ee728b)
Start importing Assets/img/pressanykey.png using Guid(9c32a1e075c96ff48a56a8e08574fa56) Importer(815301076,1909f56bfc062723c751e8b465ee728b)  -> (artifact id: '84bd4a2ecabfec49f670d59da5c894d7') in 0.026334 seconds
  Import took 0.030126 seconds .

========================================================================
Received Prepare
Registering precompiled user dll's ...
Registered in 0.001869 seconds.
Begin MonoManager ReloadAssembly
Native extension for WindowsStandalone target not found
Refreshing native plugins compatible for Editor in 0.60 ms, found 1 plugins.
Preloading 0 native plugins for Editor in 0.00 ms.
Invoked RoslynAnalysisRunner static constructor.
RoslynAnalysisRunner will not be running.
RoslynAnalysisRunner has terminated.
Mono: successfully reloaded assembly
- Completed reload, in  0.795 seconds
Platform modules already initialized, skipping
Refreshing native plugins compatible for Editor in 0.41 ms, found 1 plugins.
Preloading 0 native plugins for Editor in 0.00 ms.
Unloading 1814 Unused Serialized files (Serialized files now loaded: 0)
System memory in use before: 90.5 MB.
System memory in use after: 90.5 MB.

Unloading 13 unused Assets to reduce memory usage. Loaded Objects now: 2452.
Total: 2.529800 ms (FindLiveObjects: 0.197800 ms CreateObjectMapping: 0.094800 ms MarkObjects: 2.137400 ms  DeleteObjects: 0.098500 ms)

AssetImportWorkerClient::OnTransportError - code=2 error=End of file
