Using pre-set license
Built from '2020.2/release' branch; Version is '2020.2.1f1 (270dd8c3da1c) revision 2559448'; Using compiler version '192528614'; Build Type 'Release'
OS: 'Windows 10  (10.0.0) 64bit' Language: 'ko' Physical Memory: 16218 MB
BatchMode: 1, IsHumanControllingUs: 0, StartBugReporterOnCrash: 0, Is64bit: 1, IsPro: 0

 COMMAND LINE ARGUMENTS:
C:\Program Files\Unity\Editor\Unity.exe
-adb2
-batchMode
-noUpm
-name
AssetImportWorker0
-projectPath
C:/Unity/Middle/Catch_APlus
-logFile
Logs/AssetImportWorker0.log
-srvPort
2673
Successfully changed project path to: C:/Unity/Middle/Catch_APlus
C:/Unity/Middle/Catch_APlus
Using Asset Import Pipeline V2.
Refreshing native plugins compatible for Editor in 69.93 ms, found 1 plugins.
Preloading 0 native plugins for Editor in 0.00 ms.
Initialize engine version: 2020.2.1f1 (270dd8c3da1c)
[Subsystems] Discovering subsystems at path C:/Program Files/Unity/Editor/Data/Resources/UnitySubsystems
[Subsystems] Discovering subsystems at path C:/Unity/Middle/Catch_APlus/Assets
GfxDevice: creating device client; threaded=0
Direct3D:
    Version:  Direct3D 11.0 [level 11.1]
    Renderer: Intel(R) UHD Graphics (ID=0x9b41)
    Vendor:   
    VRAM:     8109 MB
    Driver:   27.20.100.8681
Initialize mono
Mono path[0] = 'C:/Program Files/Unity/Editor/Data/Managed'
Mono path[1] = 'C:/Program Files/Unity/Editor/Data/MonoBleedingEdge/lib/mono/unityjit'
Mono config path = 'C:/Program Files/Unity/Editor/Data/MonoBleedingEdge/etc'
Using monoOptions --debugger-agent=transport=dt_socket,embedding=1,server=y,suspend=n,address=127.0.0.1:56544
Begin MonoManager ReloadAssembly
Registering precompiled unity dll's ...
Register platform support module: C:/Program Files/Unity/Editor/Data/PlaybackEngines/WindowsStandaloneSupport/UnityEditor.WindowsStandalone.Extensions.dll
Registered in 0.002790 seconds.
Native extension for WindowsStandalone target not found
Refreshing native plugins compatible for Editor in 71.69 ms, found 1 plugins.
Preloading 0 native plugins for Editor in 0.00 ms.
Invoked RoslynAnalysisRunner static constructor.
RoslynAnalysisRunner will not be running.
RoslynAnalysisRunner has terminated.
Mono: successfully reloaded assembly
- Completed reload, in  2.149 seconds
Platform modules already initialized, skipping
Registering precompiled user dll's ...
Registered in 0.001605 seconds.
Begin MonoManager ReloadAssembly
Native extension for WindowsStandalone target not found
Refreshing native plugins compatible for Editor in 71.81 ms, found 1 plugins.
Preloading 0 native plugins for Editor in 0.00 ms.
Invoked RoslynAnalysisRunner static constructor.
RoslynAnalysisRunner will not be running.
RoslynAnalysisRunner has terminated.
Mono: successfully reloaded assembly
- Completed reload, in  1.891 seconds
Platform modules already initialized, skipping
========================================================================
Worker process is ready to serve import requests
Launched and connected shader compiler UnityShaderCompiler.exe after 0.05 seconds
Refreshing native plugins compatible for Editor in 0.56 ms, found 1 plugins.
Preloading 0 native plugins for Editor in 0.00 ms.
Unloading 1807 Unused Serialized files (Serialized files now loaded: 0)
System memory in use before: 84.0 MB.
System memory in use after: 84.0 MB.

Unloading 24 unused Assets to reduce memory usage. Loaded Objects now: 2247.
Total: 3.440600 ms (FindLiveObjects: 0.236900 ms CreateObjectMapping: 0.103800 ms MarkObjects: 2.903400 ms  DeleteObjects: 0.194300 ms)

========================================================================
Received Import Request.
  path: Assets/img/BackGround.prefab
  artifactKey: Guid(94dbee276a334a84ab71c3dcdc0d3223) Importer(815301076,1909f56bfc062723c751e8b465ee728b)
Start importing Assets/img/BackGround.prefab using Guid(94dbee276a334a84ab71c3dcdc0d3223) Importer(815301076,1909f56bfc062723c751e8b465ee728b)  -> (artifact id: 'be2b25bf27294023f4303df3c392795d') in 0.094816 seconds
  Import took 0.099828 seconds .

========================================================================
Received Import Request.
  Time since last request: 1.798829 seconds.
  path: Assets/img/a_plus.PNG
  artifactKey: Guid(6582c107a529b204dbf5db35dc92747f) Importer(815301076,1909f56bfc062723c751e8b465ee728b)
Start importing Assets/img/a_plus.PNG using Guid(6582c107a529b204dbf5db35dc92747f) Importer(815301076,1909f56bfc062723c751e8b465ee728b)  -> (artifact id: '9bf3d0fef1709a71755bab053a8097fa') in 0.191165 seconds
  Import took 0.196183 seconds .

========================================================================
Received Import Request.
  Time since last request: 1.486422 seconds.
  path: Assets/img/f.PNG
  artifactKey: Guid(0fbd3c4a5640917429b8bc7b90754981) Importer(815301076,1909f56bfc062723c751e8b465ee728b)
Start importing Assets/img/f.PNG using Guid(0fbd3c4a5640917429b8bc7b90754981) Importer(815301076,1909f56bfc062723c751e8b465ee728b)  -> (artifact id: '3266531a156e681d1ba5c00975caa340') in 0.026415 seconds
  Import took 0.032203 seconds .

========================================================================
Received Import Request.
  Time since last request: 0.897411 seconds.
  path: Assets/img/Finish_Window.png
  artifactKey: Guid(252f7005c854034429ba91e050ff8863) Importer(815301076,1909f56bfc062723c751e8b465ee728b)
Start importing Assets/img/Finish_Window.png using Guid(252f7005c854034429ba91e050ff8863) Importer(815301076,1909f56bfc062723c751e8b465ee728b)  -> (artifact id: '4a8f20f3f62ab2f5dc95428f0aa21223') in 0.026148 seconds
  Import took 0.031622 seconds .

========================================================================
Received Import Request.
  Time since last request: 0.012664 seconds.
  path: Assets/img/Finish_Window.png
  artifactKey: Guid(252f7005c854034429ba91e050ff8863) Importer(815301076,1909f56bfc062723c751e8b465ee728b)
Start importing Assets/img/Finish_Window.png using Guid(252f7005c854034429ba91e050ff8863) Importer(815301076,1909f56bfc062723c751e8b465ee728b)  -> (artifact id: '4a8f20f3f62ab2f5dc95428f0aa21223') in 0.013824 seconds
  Import took 0.018818 seconds .

========================================================================
Received Import Request.
  Time since last request: 2.277887 seconds.
  path: Assets/img/new_icon.png
  artifactKey: Guid(1be180ae7c8ddb84e95864f5ce6eedac) Importer(815301076,1909f56bfc062723c751e8b465ee728b)
Start importing Assets/img/new_icon.png using Guid(1be180ae7c8ddb84e95864f5ce6eedac) Importer(815301076,1909f56bfc062723c751e8b465ee728b)  -> (artifact id: '6c07aa8028ee337af76f2d7c2833bab1') in 0.029420 seconds
  Import took 0.034315 seconds .

========================================================================
Received Import Request.
  Time since last request: 44.081471 seconds.
  path: Assets/img/hp_bg.png
  artifactKey: Guid(8621b7fc9ff08644696fb661f0d4d733) Importer(815301076,1909f56bfc062723c751e8b465ee728b)
Start importing Assets/img/hp_bg.png using Guid(8621b7fc9ff08644696fb661f0d4d733) Importer(815301076,1909f56bfc062723c751e8b465ee728b)  -> (artifact id: '76b312cf35314921c45db88954426411') in 0.028194 seconds
  Import took 0.033243 seconds .

========================================================================
Received Import Request.
  Time since last request: 0.614162 seconds.
  path: Assets/img/ground_fix.png
  artifactKey: Guid(f97b30007c8f13b4eb58368c82323fa5) Importer(815301076,1909f56bfc062723c751e8b465ee728b)
Start importing Assets/img/ground_fix.png using Guid(f97b30007c8f13b4eb58368c82323fa5) Importer(815301076,1909f56bfc062723c751e8b465ee728b)  -> (artifact id: 'cf657636013655655a9e4aea2e2325fb') in 0.031123 seconds
  Import took 0.036482 seconds .

========================================================================
Received Import Request.
  Time since last request: 75.742986 seconds.
  path: Assets/img/ground_fix.png
  artifactKey: Guid(f97b30007c8f13b4eb58368c82323fa5) Importer(815301076,1909f56bfc062723c751e8b465ee728b)
Start importing Assets/img/ground_fix.png using Guid(f97b30007c8f13b4eb58368c82323fa5) Importer(815301076,1909f56bfc062723c751e8b465ee728b)  -> (artifact id: '8828d4960900be78f2b8e0ec97f94909') in 0.028958 seconds
  Import took 0.034487 seconds .

========================================================================
Received Import Request.
  Time since last request: 306.724363 seconds.
  path: Assets/img/player_run.PNG
  artifactKey: Guid(6acd1bc485be32c489c74b65694bb4de) Importer(815301076,1909f56bfc062723c751e8b465ee728b)
Start importing Assets/img/player_run.PNG using Guid(6acd1bc485be32c489c74b65694bb4de) Importer(815301076,1909f56bfc062723c751e8b465ee728b)  -> (artifact id: 'ea5cf2c2b3b6f6b03f38e1194f3975e7') in 0.026780 seconds
  Import took 0.033829 seconds .

========================================================================
Received Import Request.
  Time since last request: 4.178355 seconds.
  path: Assets/img/player_idle.PNG
  artifactKey: Guid(8919edc7e500c5847ad1f52537273f97) Importer(815301076,1909f56bfc062723c751e8b465ee728b)
Start importing Assets/img/player_idle.PNG using Guid(8919edc7e500c5847ad1f52537273f97) Importer(815301076,1909f56bfc062723c751e8b465ee728b)  -> (artifact id: '75eff7b2df0a2d0fdcc262c5827d386c') in 0.021522 seconds
  Import took 0.027064 seconds .

========================================================================
Received Import Request.
  Time since last request: 35.464101 seconds.
  path: Assets/img/player_idle.PNG
  artifactKey: Guid(8919edc7e500c5847ad1f52537273f97) Importer(815301076,1909f56bfc062723c751e8b465ee728b)
Start importing Assets/img/player_idle.PNG using Guid(8919edc7e500c5847ad1f52537273f97) Importer(815301076,1909f56bfc062723c751e8b465ee728b)  -> (artifact id: '67806e4669b5f7141560dd84e300f365') in 0.021246 seconds
  Import took 0.026455 seconds .

========================================================================
Received Import Request.
  Time since last request: 97.725336 seconds.
  path: Assets/img/player_idle.PNG
  artifactKey: Guid(8919edc7e500c5847ad1f52537273f97) Importer(815301076,1909f56bfc062723c751e8b465ee728b)
Start importing Assets/img/player_idle.PNG using Guid(8919edc7e500c5847ad1f52537273f97) Importer(815301076,1909f56bfc062723c751e8b465ee728b)  -> (artifact id: 'f7b3db0c3551597c340f2cf2cbb6a3b6') in 0.028057 seconds
  Import took 0.033528 seconds .

========================================================================
Received Prepare
Registering precompiled user dll's ...
Registered in 0.001488 seconds.
Begin MonoManager ReloadAssembly
Native extension for WindowsStandalone target not found
Refreshing native plugins compatible for Editor in 0.62 ms, found 1 plugins.
Preloading 0 native plugins for Editor in 0.00 ms.
Invoked RoslynAnalysisRunner static constructor.
RoslynAnalysisRunner will not be running.
RoslynAnalysisRunner has terminated.
Mono: successfully reloaded assembly
- Completed reload, in  1.862 seconds
Platform modules already initialized, skipping
Refreshing native plugins compatible for Editor in 0.57 ms, found 1 plugins.
Preloading 0 native plugins for Editor in 0.00 ms.
Unloading 1802 Unused Serialized files (Serialized files now loaded: 0)
System memory in use before: 87.2 MB.
System memory in use after: 87.2 MB.

Unloading 12 unused Assets to reduce memory usage. Loaded Objects now: 2273.
Total: 3.386800 ms (FindLiveObjects: 0.256200 ms CreateObjectMapping: 0.103600 ms MarkObjects: 2.874700 ms  DeleteObjects: 0.150200 ms)

========================================================================
Received Import Request.
  Time since last request: 85.760317 seconds.
  path: Assets/img/player_idle.PNG
  artifactKey: Guid(8919edc7e500c5847ad1f52537273f97) Importer(815301076,1909f56bfc062723c751e8b465ee728b)
Start importing Assets/img/player_idle.PNG using Guid(8919edc7e500c5847ad1f52537273f97) Importer(815301076,1909f56bfc062723c751e8b465ee728b)  -> (artifact id: '11d52d217b628ebef9c3d1e351910892') in 0.093085 seconds
  Import took 0.098333 seconds .

========================================================================
Received Import Request.
  Time since last request: 7.179696 seconds.
  path: Assets/Animation/Player_Idle.anim
  artifactKey: Guid(fb5bc74d2c34add4681bb3d21f0eac0f) Importer(815301076,1909f56bfc062723c751e8b465ee728b)
Start importing Assets/Animation/Player_Idle.anim using Guid(fb5bc74d2c34add4681bb3d21f0eac0f) Importer(815301076,1909f56bfc062723c751e8b465ee728b)  -> (artifact id: 'c7085114de8288dc4ce3ebfac4bf6d29') in 0.017524 seconds
  Import took 0.022778 seconds .

========================================================================
Received Import Request.
  Time since last request: 0.011044 seconds.
  path: Assets/Animation/Player_Idle.anim
  artifactKey: Guid(fb5bc74d2c34add4681bb3d21f0eac0f) Importer(815301076,1909f56bfc062723c751e8b465ee728b)
Start importing Assets/Animation/Player_Idle.anim using Guid(fb5bc74d2c34add4681bb3d21f0eac0f) Importer(815301076,1909f56bfc062723c751e8b465ee728b)  -> (artifact id: 'c7085114de8288dc4ce3ebfac4bf6d29') in 0.004474 seconds
  Import took 0.009843 seconds .

========================================================================
Received Import Request.
  Time since last request: 2.656516 seconds.
  path: Assets/Animation/player_idle_0.controller
  artifactKey: Guid(5cfa373b7c34ec142bbaba14c5319b05) Importer(815301076,1909f56bfc062723c751e8b465ee728b)
Start importing Assets/Animation/player_idle_0.controller using Guid(5cfa373b7c34ec142bbaba14c5319b05) Importer(815301076,1909f56bfc062723c751e8b465ee728b)  -> (artifact id: 'cce79c6ab384a1992d51b019d194bc36') in 0.017214 seconds
  Import took 0.022499 seconds .

========================================================================
Received Import Request.
  Time since last request: 0.002887 seconds.
  path: Assets/Animation/player_idle_0.controller
  artifactKey: Guid(5cfa373b7c34ec142bbaba14c5319b05) Importer(815301076,1909f56bfc062723c751e8b465ee728b)
Start importing Assets/Animation/player_idle_0.controller using Guid(5cfa373b7c34ec142bbaba14c5319b05) Importer(815301076,1909f56bfc062723c751e8b465ee728b)  -> (artifact id: 'cce79c6ab384a1992d51b019d194bc36') in 0.004514 seconds
  Import took 0.009462 seconds .

========================================================================
Received Prepare
Registering precompiled user dll's ...
Registered in 0.001505 seconds.
Begin MonoManager ReloadAssembly
Native extension for WindowsStandalone target not found
Refreshing native plugins compatible for Editor in 0.53 ms, found 1 plugins.
Preloading 0 native plugins for Editor in 0.00 ms.
Invoked RoslynAnalysisRunner static constructor.
RoslynAnalysisRunner will not be running.
RoslynAnalysisRunner has terminated.
Mono: successfully reloaded assembly
- Completed reload, in  1.710 seconds
Platform modules already initialized, skipping
Refreshing native plugins compatible for Editor in 0.56 ms, found 1 plugins.
Preloading 0 native plugins for Editor in 0.00 ms.
Unloading 1802 Unused Serialized files (Serialized files now loaded: 0)
System memory in use before: 87.3 MB.
System memory in use after: 87.3 MB.

Unloading 12 unused Assets to reduce memory usage. Loaded Objects now: 2278.
Total: 4.610400 ms (FindLiveObjects: 0.400600 ms CreateObjectMapping: 0.145000 ms MarkObjects: 3.906000 ms  DeleteObjects: 0.155900 ms)

========================================================================
Received Import Request.
  Time since last request: 76.470934 seconds.
  path: Assets/img/player_run.PNG
  artifactKey: Guid(6acd1bc485be32c489c74b65694bb4de) Importer(815301076,1909f56bfc062723c751e8b465ee728b)
Start importing Assets/img/player_run.PNG using Guid(6acd1bc485be32c489c74b65694bb4de) Importer(815301076,1909f56bfc062723c751e8b465ee728b)  -> (artifact id: '27ed69f07a09c9e860a0ca65b87d5265') in 0.082502 seconds
  Import took 0.088472 seconds .

========================================================================
Received Import Request.
  Time since last request: 27.913735 seconds.
  path: Assets/img/player_run.PNG
  artifactKey: Guid(6acd1bc485be32c489c74b65694bb4de) Importer(815301076,1909f56bfc062723c751e8b465ee728b)
Start importing Assets/img/player_run.PNG using Guid(6acd1bc485be32c489c74b65694bb4de) Importer(815301076,1909f56bfc062723c751e8b465ee728b)  -> (artifact id: '5e69fcf40019b9e8c0dbad47eec1b5a6') in 0.059030 seconds
  Import took 0.064199 seconds .

========================================================================
Received Prepare
Registering precompiled user dll's ...
Registered in 0.002344 seconds.
Begin MonoManager ReloadAssembly
Native extension for WindowsStandalone target not found
Refreshing native plugins compatible for Editor in 0.59 ms, found 1 plugins.
Preloading 0 native plugins for Editor in 0.00 ms.
Invoked RoslynAnalysisRunner static constructor.
RoslynAnalysisRunner will not be running.
RoslynAnalysisRunner has terminated.
Mono: successfully reloaded assembly
- Completed reload, in  1.644 seconds
Platform modules already initialized, skipping
Refreshing native plugins compatible for Editor in 0.54 ms, found 1 plugins.
Preloading 0 native plugins for Editor in 0.00 ms.
Unloading 1802 Unused Serialized files (Serialized files now loaded: 0)
System memory in use before: 87.4 MB.
System memory in use after: 87.4 MB.

Unloading 12 unused Assets to reduce memory usage. Loaded Objects now: 2283.
Total: 3.430600 ms (FindLiveObjects: 0.257700 ms CreateObjectMapping: 0.100800 ms MarkObjects: 2.915900 ms  DeleteObjects: 0.153900 ms)

========================================================================
Received Prepare
Registering precompiled user dll's ...
Registered in 0.001544 seconds.
Begin MonoManager ReloadAssembly
Native extension for WindowsStandalone target not found
Refreshing native plugins compatible for Editor in 0.68 ms, found 1 plugins.
Preloading 0 native plugins for Editor in 0.00 ms.
Invoked RoslynAnalysisRunner static constructor.
RoslynAnalysisRunner will not be running.
RoslynAnalysisRunner has terminated.
Mono: successfully reloaded assembly
- Completed reload, in  1.892 seconds
Platform modules already initialized, skipping
Refreshing native plugins compatible for Editor in 0.53 ms, found 1 plugins.
Preloading 0 native plugins for Editor in 0.00 ms.
Unloading 1802 Unused Serialized files (Serialized files now loaded: 0)
System memory in use before: 87.4 MB.
System memory in use after: 87.4 MB.

Unloading 12 unused Assets to reduce memory usage. Loaded Objects now: 2287.
Total: 4.940400 ms (FindLiveObjects: 0.542800 ms CreateObjectMapping: 0.294700 ms MarkObjects: 3.923200 ms  DeleteObjects: 0.176700 ms)

========================================================================
Received Import Request.
  Time since last request: 106.298534 seconds.
  path: Assets/img/player_run.PNG
  artifactKey: Guid(6acd1bc485be32c489c74b65694bb4de) Importer(815301076,1909f56bfc062723c751e8b465ee728b)
Start importing Assets/img/player_run.PNG using Guid(6acd1bc485be32c489c74b65694bb4de) Importer(815301076,1909f56bfc062723c751e8b465ee728b)  -> (artifact id: '3cb2962f5dd6e20bc5081799fd29dc78') in 0.118960 seconds
  Import took 0.124423 seconds .

========================================================================
Received Prepare
Registering precompiled user dll's ...
Registered in 0.001631 seconds.
Begin MonoManager ReloadAssembly
Native extension for WindowsStandalone target not found
Refreshing native plugins compatible for Editor in 0.55 ms, found 1 plugins.
Preloading 0 native plugins for Editor in 0.00 ms.
Invoked RoslynAnalysisRunner static constructor.
RoslynAnalysisRunner will not be running.
RoslynAnalysisRunner has terminated.
Mono: successfully reloaded assembly
- Completed reload, in  1.665 seconds
Platform modules already initialized, skipping
Refreshing native plugins compatible for Editor in 0.57 ms, found 1 plugins.
Preloading 0 native plugins for Editor in 0.00 ms.
Unloading 1802 Unused Serialized files (Serialized files now loaded: 0)
System memory in use before: 87.5 MB.
System memory in use after: 87.5 MB.

Unloading 12 unused Assets to reduce memory usage. Loaded Objects now: 2292.
Total: 3.704500 ms (FindLiveObjects: 0.346300 ms CreateObjectMapping: 0.149300 ms MarkObjects: 3.051300 ms  DeleteObjects: 0.155900 ms)

========================================================================
Received Import Request.
  Time since last request: 99.674326 seconds.
  path: Assets
  artifactKey: Guid(00000000000000001000000000000000) Importer(815301076,1909f56bfc062723c751e8b465ee728b)
Start importing Assets using Guid(00000000000000001000000000000000) Importer(815301076,1909f56bfc062723c751e8b465ee728b)  -> (artifact id: 'e1a2c4dac9df7c17871e19a3b74f0e9f') in 0.016996 seconds
  Import took 0.022254 seconds .

========================================================================
Received Import Request.
  Time since last request: 7.185121 seconds.
  path: Assets/Scripts
  artifactKey: Guid(40d4a3a56db646e4da99db519204fcb2) Importer(815301076,1909f56bfc062723c751e8b465ee728b)
Start importing Assets/Scripts using Guid(40d4a3a56db646e4da99db519204fcb2) Importer(815301076,1909f56bfc062723c751e8b465ee728b)  -> (artifact id: '72b4464840b1fa1bdc64f5f0c83fb767') in 0.011245 seconds
  Import took 0.016850 seconds .

========================================================================
Received Import Request.
  Time since last request: 10.920339 seconds.
  path: Assets/Scripts/PlayerController.cs
  artifactKey: Guid(cf80f210424c5a6448deaaf22a843f3f) Importer(815301076,1909f56bfc062723c751e8b465ee728b)
Start importing Assets/Scripts/PlayerController.cs using Guid(cf80f210424c5a6448deaaf22a843f3f) Importer(815301076,1909f56bfc062723c751e8b465ee728b)  -> (artifact id: '19dbe9cc9e0011149ecc382f4d92f9a4') in 0.033527 seconds
  Import took 0.038748 seconds .

========================================================================
Received Prepare
Registering precompiled user dll's ...
Registered in 0.001510 seconds.
Begin MonoManager ReloadAssembly
Native extension for WindowsStandalone target not found
Refreshing native plugins compatible for Editor in 0.56 ms, found 1 plugins.
Preloading 0 native plugins for Editor in 0.00 ms.
Invoked RoslynAnalysisRunner static constructor.
RoslynAnalysisRunner will not be running.
RoslynAnalysisRunner has terminated.
Mono: successfully reloaded assembly
- Completed reload, in  1.731 seconds
Platform modules already initialized, skipping
Refreshing native plugins compatible for Editor in 0.55 ms, found 1 plugins.
Preloading 0 native plugins for Editor in 0.00 ms.
Unloading 1803 Unused Serialized files (Serialized files now loaded: 0)
System memory in use before: 87.6 MB.
System memory in use after: 87.6 MB.

Unloading 12 unused Assets to reduce memory usage. Loaded Objects now: 2297.
Total: 3.316500 ms (FindLiveObjects: 0.240000 ms CreateObjectMapping: 0.102400 ms MarkObjects: 2.815900 ms  DeleteObjects: 0.156200 ms)

AssetImportWorkerClient::OnTransportError - code=2 error=End of file
